]0;IPython: gwenda/GirderSlideMLUnable to init server: Could not connect: Connection refused
Unable to init server: Could not connect: Connection refused

(train116.py:17045): Gdk-CRITICAL **: 07:26:05.461: gdk_cursor_new_for_display: assertion 'GDK_IS_DISPLAY (display)' failed

(train116.py:17045): Gdk-CRITICAL **: 07:26:05.462: gdk_cursor_new_for_display: assertion 'GDK_IS_DISPLAY (display)' failed
rm: cannot remove 'skip116/debug/*.png': No such file or directory
no schedule
Loading network ./skip116/model3.pth
working
==== Epoch 0
== Batch 0
 1: loss: 4.406

[1A 2: loss: 4.333
[1A 3: loss: 4.283
[1A 4: loss: 4.242
[1A 5: loss: 4.204
[1A 6: loss: 4.167
[1A 7: loss: 4.131
[1A 8: loss: 4.095
[1A 9: loss: 4.060
[1A 10: loss: 4.026
Saving network ./skip116/model3.pth
== Batch 1
 1: loss: 4.426

[1A 2: loss: 3.928
[1A 3: loss: 3.870
[1A 4: loss: 3.835
[1A 5: loss: 3.811
[1A 6: loss: 3.796
[1A 7: loss: 3.785
[1A 8: loss: 3.777
[1A 9: loss: 3.772
[1A 10: loss: 3.767
Saving network ./skip116/model3.pth
== Batch 2
 1: loss: 7.489

[1A 2: loss: 6.582
[1A 3: loss: 6.497
[1A 4: loss: 6.479
[1A 5: loss: 6.463
[1A 6: loss: 6.448
[1A 7: loss: 6.433
[1A 8: loss: 6.418
[1A 9: loss: 6.404
[1A 10: loss: 6.390
Saving network ./skip116/model3.pth
== Batch 3
 1: loss: 8.616

[1A 2: loss: 8.419
[1A 3: loss: 8.381
[1A 4: loss: 8.346
[1A 5: loss: 8.314
[1A 6: loss: 8.284
[1A 7: loss: 8.256
[1A 8: loss: 8.231
[1A 9: loss: 8.208
[1A 10: loss: 8.187
Saving network ./skip116/model3.pth
== Batch 4
 1: loss: 5.925

[1A 2: loss: 5.325
[1A 3: loss: 5.273
[1A 4: loss: 5.247
[1A 5: loss: 5.221
[1A 6: loss: 5.198
[1A 7: loss: 5.175
[1A 8: loss: 5.154
[1A 9: loss: 5.134
[1A 10: loss: 5.116
Saving network ./skip116/model3.pth
== Batch 5
 1: loss: 6.959

[0;31m[1A 2: loss: 7.834
[0m
[0;31m[1A 3: loss: 15.636
[0m
[1A 4: loss: 6.915
[1A 5: loss: 4.812
[1A 6: loss: 4.583
[1A 7: loss: 4.533
[1A 8: loss: 4.512
[1A 9: loss: 4.495
[1A 10: loss: 4.480
Saving network ./skip116/model3.pth
== Batch 6
 1: loss: 10.012

[1A 2: loss: 7.762
[1A 3: loss: 7.277
[1A 4: loss: 7.230
[1A 5: loss: 7.213
[1A 6: loss: 7.199
[1A 7: loss: 7.184
[1A 8: loss: 7.169
[1A 9: loss: 7.155
[1A 10: loss: 7.141
Saving network ./skip116/model3.pth
== Batch 7
 1: loss: 8.694

[1A 2: loss: 6.408
[1A 3: loss: 5.986
[1A 4: loss: 5.910
[1A 5: loss: 5.903
[1A 6: loss: 5.900
[1A 7: loss: 5.898
[1A 8: loss: 5.896
[1A 9: loss: 5.895
[1A 10: loss: 5.893
Saving network ./skip116/model3.pth
== Batch 8
 1: loss: 7.065

[1A 2: loss: 4.330
[1A 3: loss: 3.614
[1A 4: loss: 3.424
[1A 5: loss: 3.369
[1A 6: loss: 3.351
[1A 7: loss: 3.344
[1A 8: loss: 3.339
[1A 9: loss: 3.336
[1A 10: loss: 3.333
Saving network ./skip116/model3.pth
== Batch 9
 1: loss: 7.465

[1A 2: loss: 7.406
[1A 3: loss: 7.366
[1A 4: loss: 7.329
[1A 5: loss: 7.293
[1A 6: loss: 7.257
[1A 7: loss: 7.222
[1A 8: loss: 7.187
[1A 9: loss: 7.153
[1A 10: loss: 7.120
Saving network ./skip116/model3.pth
== Batch 10
 1: loss: 12.875

[1A 2: loss: 8.632
[1A 3: loss: 8.478
[1A 4: loss: 8.351
[1A 5: loss: 8.302
[1A 6: loss: 8.264
[1A 7: loss: 8.230
[1A 8: loss: 8.200
[1A 9: loss: 8.174
[1A 10: loss: 8.150
Saving network ./skip116/model3.pth
== Batch 11
 1: loss: 4.145

[1A 2: loss: 3.866
[1A 3: loss: 3.857
[1A 4: loss: 3.848
[1A 5: loss: 3.841
[1A 6: loss: 3.834
[1A 7: loss: 3.827
[1A 8: loss: 3.821
[1A 9: loss: 3.816
[1A 10: loss: 3.811
Saving network ./skip116/model3.pth
== Batch 12
 1: loss: 7.463

[1A 2: loss: 7.168
[1A 3: loss: 7.141
[1A 4: loss: 7.065
[1A 5: loss: 7.047
[1A 6: loss: 7.032
[1A 7: loss: 7.025
[1A 8: loss: 7.020
[1A 9: loss: 7.017
[1A 10: loss: 7.014
Saving network ./skip116/model3.pth
== Batch 13
 1: loss: 3.349

[1A 2: loss: 3.299
[1A 3: loss: 3.270
[1A 4: loss: 3.250
[1A 5: loss: 3.236
[1A 6: loss: 3.224
[1A 7: loss: 3.215
[1A 8: loss: 3.207
[1A 9: loss: 3.200
[1A 10: loss: 3.194
Saving network ./skip116/model3.pth
== Batch 14
 1: loss: 4.392

[1A 2: loss: 3.726
[1A 3: loss: 3.618
[1A 4: loss: 3.587
[1A 5: loss: 3.571
[1A 6: loss: 3.559
[1A 7: loss: 3.548
[1A 8: loss: 3.538
[1A 9: loss: 3.528
[1A 10: loss: 3.519
Saving network ./skip116/model3.pth
== Batch 15
 1: loss: 3.116

[1A 2: loss: 2.996
[1A 3: loss: 2.970
[1A 4: loss: 2.958
[1A 5: loss: 2.947
[1A 6: loss: 2.939
[1A 7: loss: 2.931
[1A 8: loss: 2.925
[1A 9: loss: 2.919
[1A 10: loss: 2.914
Saving network ./skip116/model3.pth
== Batch 16
 1: loss: 6.368

[1A 2: loss: 6.290
[1A 3: loss: 6.221
[1A 4: loss: 6.159
[1A 5: loss: 6.102
[1A 6: loss: 6.050
[1A 7: loss: 6.002
[1A 8: loss: 5.958
[1A 9: loss: 5.917
[1A 10: loss: 5.880
Saving network ./skip116/model3.pth
== Batch 17
 1: loss: 3.971

[1A 2: loss: 3.960
[1A 3: loss: 3.953
[1A 4: loss: 3.948
[1A 5: loss: 3.943
[1A 6: loss: 3.938
[1A 7: loss: 3.933
[1A 8: loss: 3.929
[1A 9: loss: 3.925
[1A 10: loss: 3.921
Saving network ./skip116/model3.pth
== Batch 18
 1: loss: 6.670

[1A 2: loss: 6.638
[1A 3: loss: 6.636
[1A 4: loss: 6.634
[1A 5: loss: 6.632
[1A 6: loss: 6.631
[1A 7: loss: 6.629
[1A 8: loss: 6.628
[1A 9: loss: 6.627
[1A 10: loss: 6.626
Saving network ./skip116/model3.pth
== Batch 19
 1: loss: 4.391

[1A 2: loss: 3.917
[1A 3: loss: 3.825
[1A 4: loss: 3.576
[1A 5: loss: 3.510
[1A 6: loss: 3.461
[1A 7: loss: 3.425
[1A 8: loss: 3.397
[1A 9: loss: 3.374
[1A 10: loss: 3.353
Saving network ./skip116/model3.pth
== Batch 20
 1: loss: 5.746

[1A 2: loss: 4.344
[1A 3: loss: 4.266
[1A 4: loss: 4.257
[1A 5: loss: 4.252
[1A 6: loss: 4.247
[1A 7: loss: 4.242
[1A 8: loss: 4.237
[1A 9: loss: 4.232
[1A 10: loss: 4.228
Saving network ./skip116/model3.pth
== Batch 21
 1: loss: 6.122

[1A 2: loss: 5.979
[1A 3: loss: 5.848
[1A 4: loss: 5.731
[1A 5: loss: 5.630
[1A 6: loss: 5.548
[1A 7: loss: 5.486
[1A 8: loss: 5.441
[1A 9: loss: 5.408
[1A 10: loss: 5.381
Saving network ./skip116/model3.pth
== Batch 22
 1: loss: 3.345

[1A 2: loss: 3.253
[1A 3: loss: 3.206
[1A 4: loss: 3.168
[1A 5: loss: 3.146
[1A 6: loss: 3.130
[1A 7: loss: 3.118
[1A 8: loss: 3.108
[1A 9: loss: 3.100
[1A 10: loss: 3.093
Saving network ./skip116/model3.pth
== Batch 23
 1: loss: 5.945

[1A 2: loss: 5.710
[1A 3: loss: 5.683
[1A 4: loss: 5.674
[1A 5: loss: 5.668
[1A 6: loss: 5.663
[1A 7: loss: 5.660
[1A 8: loss: 5.657
[1A 9: loss: 5.655
[1A 10: loss: 5.654
Saving network ./skip116/model3.pth
== Batch 24
 1: loss: 5.679

[1A 2: loss: 5.470
[1A 3: loss: 5.447
[1A 4: loss: 5.428
[1A 5: loss: 5.409
[1A 6: loss: 5.391
[1A 7: loss: 5.374
[1A 8: loss: 5.357
[1A 9: loss: 5.341
[1A 10: loss: 5.326
Saving network ./skip116/model3.pth
== Batch 25
 1: loss: 4.379

[1A 2: loss: 4.349
[1A 3: loss: 4.344
[1A 4: loss: 4.340
[1A 5: loss: 4.335
[1A 6: loss: 4.331
[1A 7: loss: 4.327
[1A 8: loss: 4.324
[1A 9: loss: 4.320
[1A 10: loss: 4.317
Saving network ./skip116/model3.pth
== Batch 26
 1: loss: 6.348

[1A 2: loss: 5.497
[1A 3: loss: 5.450
[1A 4: loss: 5.341
[1A 5: loss: 5.316
[1A 6: loss: 5.301
[1A 7: loss: 5.293
[1A 8: loss: 5.288
[1A 9: loss: 5.284
[1A 10: loss: 5.281
Saving network ./skip116/model3.pth
== Batch 27
 1: loss: 4.097

[1A 2: loss: 4.069
[1A 3: loss: 4.063
[1A 4: loss: 4.058
[1A 5: loss: 4.054
[1A 6: loss: 4.049
[1A 7: loss: 4.045
[1A 8: loss: 4.042
[1A 9: loss: 4.039
[1A 10: loss: 4.035
Saving network ./skip116/model3.pth
== Batch 28
 1: loss: 6.698

[1A 2: loss: 5.616
[1A 3: loss: 5.513
[1A 4: loss: 5.493
[1A 5: loss: 5.480
[1A 6: loss: 5.469
[1A 7: loss: 5.457
[1A 8: loss: 5.446
[1A 9: loss: 5.436
[1A 10: loss: 5.425
Saving network ./skip116/model3.pth
== Batch 29
 1: loss: 6.174

[1A 2: loss: 6.084
[1A 3: loss: 6.060
[1A 4: loss: 6.038
[1A 5: loss: 6.018
[1A 6: loss: 6.000
[1A 7: loss: 5.982
[1A 8: loss: 5.966
[1A 9: loss: 5.952
[1A 10: loss: 5.938
Saving network ./skip116/model3.pth
Percentage correct: 0
30 neg chips, error range: 0.175567 to 0.547636
30 pos chips, error range: 0.234448 to 0.646831
rate 0.000950
SaveChips in girder: pos 30, neg 30 ==============
SaveChips: pos 30, neg 30 ==============
==== Epoch 1
== Batch 0
 1: loss: 6.062

[1A 2: loss: 5.964
[1A 3: loss: 5.941
[1A 4: loss: 5.922
[1A 5: loss: 5.905
[1A 6: loss: 5.890
[1A 7: loss: 5.876
[1A 8: loss: 5.864
[1A 9: loss: 5.852
[1A 10: loss: 5.841
Saving network ./skip116/model3.pth
== Batch 1
 1: loss: 6.897

[1A 2: loss: 6.842
[0;31m[1A 3: loss: 7.041
[0m
[1A 4: loss: 6.587
[1A 5: loss: 6.570
[1A 6: loss: 6.538
[1A 7: loss: 6.528
[1A 8: loss: 6.520
[1A 9: loss: 6.516
[1A 10: loss: 6.513
Saving network ./skip116/model3.pthrm: cannot remove 'skip116/debug/*.png': No such file or directory

== Batch 2
 1: loss: 3.982

[1A 2: loss: 3.955
[1A 3: loss: 3.943
[1A 4: loss: 3.932
[1A 5: loss: 3.922
[1A 6: loss: 3.913
[1A 7: loss: 3.905
[1A 8: loss: 3.897
[1A 9: loss: 3.889
[1A 10: loss: 3.882
Saving network ./skip116/model3.pth
== Batch 3
 1: loss: 3.229

[1A 2: loss: 3.130
[1A 3: loss: 3.098
[1A 4: loss: 3.073
[1A 5: loss: 3.050
[1A 6: loss: 3.029
[1A 7: loss: 3.010
[1A 8: loss: 2.991
[1A 9: loss: 2.973
[1A 10: loss: 2.957
Saving network ./skip116/model3.pth
== Batch 4
 1: loss: 3.929

[1A 2: loss: 3.859
[1A 3: loss: 3.838
[1A 4: loss: 3.819
[1A 5: loss: 3.802
[1A 6: loss: 3.786
[1A 7: loss: 3.771
[1A 8: loss: 3.758
[1A 9: loss: 3.745
[1A 10: loss: 3.733
Saving network ./skip116/model3.pth
== Batch 5
 1: loss: 7.722

[1A 2: loss: 6.857
[1A 3: loss: 6.650
[1A 4: loss: 6.574
[1A 5: loss: 6.521
[1A 6: loss: 6.473
[1A 7: loss: 6.428
[1A 8: loss: 6.385
[1A 9: loss: 6.344
[1A 10: loss: 6.306
Saving network ./skip116/model3.pth
== Batch 6
 1: loss: 5.926

[1A 2: loss: 4.458
[0;31m[1A 3: loss: 4.966
[0m
[1A 4: loss: 3.893
[1A 5: loss: 3.862
[1A 6: loss: 3.835
[1A 7: loss: 3.811
[1A 8: loss: 3.790
[1A 9: loss: 3.770
[1A 10: loss: 3.753
Saving network ./skip116/model3.pth
== Batch 7
 1: loss: 5.987

[1A 2: loss: 3.997
[1A 3: loss: 3.246
[1A 4: loss: 2.986
[1A 5: loss: 2.908
[1A 6: loss: 2.886
[1A 7: loss: 2.877
[1A 8: loss: 2.872
[1A 9: loss: 2.868
[1A 10: loss: 2.864
Saving network ./skip116/model3.pth
== Batch 8
 1: loss: 11.142

[1A 2: loss: 7.683
[1A 3: loss: 7.621
[1A 4: loss: 7.608
[1A 5: loss: 7.597
[1A 6: loss: 7.587
[1A 7: loss: 7.578
[1A 8: loss: 7.569
[1A 9: loss: 7.561
[1A 10: loss: 7.552
Saving network ./skip116/model3.pth
== Batch 9
 1: loss: 5.006

[1A 2: loss: 4.679
[1A 3: loss: 4.673
[1A 4: loss: 4.670
[1A 5: loss: 4.668
[1A 6: loss: 4.666
[1A 7: loss: 4.664
[1A 8: loss: 4.662
[1A 9: loss: 4.661
[1A 10: loss: 4.659
Saving network ./skip116/model3.pth
== Batch 10
 1: loss: 6.171

[1A 2: loss: 5.195
[0;31m[1A 3: loss: 5.585
[0m
[1A 4: loss: 4.682
[1A 5: loss: 4.675
[1A 6: loss: 4.670
[1A 7: loss: 4.668
[1A 8: loss: 4.666
[1A 9: loss: 4.664
[1A 10: loss: 4.663
Saving network ./skip116/model3.pth
== Batch 11
 1: loss: 12.215

[1A 2: loss: 12.056
[1A 3: loss: 11.971
[1A 4: loss: 11.910
[1A 5: loss: 11.863
[1A 6: loss: 11.829
[1A 7: loss: 11.804
[1A 8: loss: 11.786
[1A 9: loss: 11.773
[1A 10: loss: 11.764
Saving network ./skip116/model3.pth
== Batch 12
 1: loss: 2.730

[1A 2: loss: 2.611
[1A 3: loss: 2.592
[1A 4: loss: 2.586
[1A 5: loss: 2.584
[1A 6: loss: 2.581
[1A 7: loss: 2.580
[1A 8: loss: 2.578
[1A 9: loss: 2.577
[1A 10: loss: 2.576
Saving network ./skip116/model3.pth
== Batch 13
 1: loss: 2.538

[1A 2: loss: 2.531
[1A 3: loss: 2.529
[1A 4: loss: 2.527
[1A 5: loss: 2.525
[1A 6: loss: 2.524
[1A 7: loss: 2.523
[1A 8: loss: 2.521
[1A 9: loss: 2.520
[1A 10: loss: 2.519
Saving network ./skip116/model3.pth
== Batch 14
 1: loss: 6.279

[1A 2: loss: 6.141
[1A 3: loss: 6.081
[1A 4: loss: 6.027
[1A 5: loss: 5.977
[1A 6: loss: 5.931
[1A 7: loss: 5.888
[1A 8: loss: 5.848
[1A 9: loss: 5.811
[1A 10: loss: 5.777
Saving network ./skip116/model3.pth
== Batch 15
 1: loss: 3.559

[1A 2: loss: 3.549
[1A 3: loss: 3.543
[1A 4: loss: 3.539
[1A 5: loss: 3.535
[1A 6: loss: 3.531
[1A 7: loss: 3.529
[1A 8: loss: 3.527
[1A 9: loss: 3.525
[1A 10: loss: 3.523
Saving network ./skip116/model3.pth
== Batch 16
 1: loss: 4.604

[1A 2: loss: 4.519
[1A 3: loss: 4.460
[1A 4: loss: 4.408
[1A 5: loss: 4.363
[1A 6: loss: 4.322
[1A 7: loss: 4.285
[1A 8: loss: 4.250
[1A 9: loss: 4.218
[1A 10: loss: 4.188
Saving network ./skip116/model3.pth
== Batch 17
 1: loss: 5.970

[1A 2: loss: 5.253
[1A 3: loss: 5.158
[1A 4: loss: 5.127
[1A 5: loss: 5.104
[1A 6: loss: 5.082
[1A 7: loss: 5.062
[1A 8: loss: 5.043
[1A 9: loss: 5.027
[1A 10: loss: 5.012
Saving network ./skip116/model3.pth
== Batch 18
 1: loss: 4.829

[1A 2: loss: 4.818
[1A 3: loss: 4.814
[1A 4: loss: 4.810
[1A 5: loss: 4.807
[1A 6: loss: 4.804
[1A 7: loss: 4.801
[1A 8: loss: 4.798
[1A 9: loss: 4.796
[1A 10: loss: 4.794
Saving network ./skip116/model3.pth
== Batch 19
 1: loss: 6.475

[1A 2: loss: 6.439
[1A 3: loss: 6.434
[1A 4: loss: 6.432
[1A 5: loss: 6.431
[1A 6: loss: 6.430
[1A 7: loss: 6.429
[1A 8: loss: 6.429
[1A 9: loss: 6.428
[1A 10: loss: 6.428
Saving network ./skip116/model3.pth
== Batch 20
 1: loss: 4.799

[1A 2: loss: 4.664
[1A 3: loss: 4.655
[1A 4: loss: 4.651
[1A 5: loss: 4.648
[1A 6: loss: 4.645
[1A 7: loss: 4.643
[1A 8: loss: 4.641
[1A 9: loss: 4.639
[1A 10: loss: 4.638
Saving network ./skip116/model3.pth
== Batch 21
 1: loss: 4.439

[1A 2: loss: 4.205
[1A 3: loss: 4.087
[1A 4: loss: 4.023
[1A 5: loss: 3.985
[1A 6: loss: 3.959
[1A 7: loss: 3.942
[1A 8: loss: 3.930
[1A 9: loss: 3.922
[1A 10: loss: 3.915
Saving network ./skip116/model3.pth
== Batch 22
 1: loss: 6.507

[1A 2: loss: 5.573
[1A 3: loss: 5.461
[1A 4: loss: 5.415
[1A 5: loss: 5.388
[1A 6: loss: 5.365
[1A 7: loss: 5.345
[1A 8: loss: 5.326
[1A 9: loss: 5.307
[1A 10: loss: 5.289
Saving network ./skip116/model3.pth
== Batch 23
 1: loss: 6.241

[1A 2: loss: 6.189
[1A 3: loss: 6.142
[1A 4: loss: 6.097
[1A 5: loss: 6.055
[1A 6: loss: 6.016
[1A 7: loss: 5.981
[1A 8: loss: 5.950
[1A 9: loss: 5.923
[1A 10: loss: 5.900
Saving network ./skip116/model3.pth
== Batch 24
 1: loss: 3.618

[1A 2: loss: 3.243
[1A 3: loss: 3.178
[1A 4: loss: 3.099
[1A 5: loss: 3.063
[1A 6: loss: 3.036
[1A 7: loss: 3.017
[1A 8: loss: 3.003
[1A 9: loss: 2.991
[1A 10: loss: 2.981
Saving network ./skip116/model3.pth
== Batch 25
 1: loss: 3.761

[1A 2: loss: 3.675
[1A 3: loss: 3.619
[1A 4: loss: 3.570
[1A 5: loss: 3.535
[1A 6: loss: 3.508
[1A 7: loss: 3.487
[1A 8: loss: 3.470
[1A 9: loss: 3.457
[1A 10: loss: 3.445
Saving network ./skip116/model3.pth
== Batch 26
 1: loss: 7.362

[1A 2: loss: 7.069
[1A 3: loss: 7.013
[1A 4: loss: 6.987
[1A 5: loss: 6.966
[1A 6: loss: 6.947
[1A 7: loss: 6.930
[1A 8: loss: 6.914
[1A 9: loss: 6.900
[1A 10: loss: 6.887
Saving network ./skip116/model3.pth
== Batch 27
 1: loss: 3.557

[1A 2: loss: 3.023
[1A 3: loss: 3.020
[1A 4: loss: 3.017
[1A 5: loss: 3.015
[1A 6: loss: 3.012
[1A 7: loss: 3.010
[1A 8: loss: 3.008
[1A 9: loss: 3.006
[1A 10: loss: 3.004
Saving network ./skip116/model3.pth
== Batch 28
 1: loss: 3.715

[1A 2: loss: 3.520
[1A 3: loss: 3.464
[1A 4: loss: 3.441
[1A 5: loss: 3.422
[1A 6: loss: 3.406
[1A 7: loss: 3.391
[1A 8: loss: 3.377
[1A 9: loss: 3.364
[1A 10: loss: 3.353
Saving network ./skip116/model3.pth
== Batch 29
 1: loss: 3.006

[1A 2: loss: 2.964
[1A 3: loss: 2.936
[1A 4: loss: 2.916
[1A 5: loss: 2.901
[1A 6: loss: 2.889
[1A 7: loss: 2.880
[1A 8: loss: 2.872
[1A 9: loss: 2.866
[1A 10: loss: 2.860
Saving network ./skip116/model3.pth
Percentage correct: 0
60 neg chips, error range: 0.143638 to 0.820120
60 pos chips, error range: 0.170039 to 0.804736
rate 0.000902
SaveChips in girder: pos 60, neg 60 ==============
SaveChips: pos 60, neg 60 ==============
==== Epoch 2
== Batch 0
 1: loss: 6.409

[1A 2: loss: 5.873
[1A 3: loss: 5.834
[1A 4: loss: 5.818
[1A 5: loss: 5.803
[1A 6: loss: 5.791
[1A 7: loss: 5.780
[1A 8: loss: 5.770
[1A 9: loss: 5.763
[1A 10: loss: 5.756
Saving network ./skip116/model3.pth
== Batch 1
 1: loss: 4.156

[1A 2: loss: 3.657
[1A 3: loss: 3.574
[1A 4: loss: 3.508
[1A 5: loss: 3.461
[1A 6: loss: 3.421
[1A 7: loss: 3.388
[1A 8: loss: 3.358
[1A 9: loss: 3.331
[1A 10: loss: 3.306
Saving network ./skip116/model3.pth
== Batch 2
 1: loss: 5.467

[1A 2: loss: 5.387
[1A 3: loss: 5.369
[1A 4: loss: 5.361
[1A 5: loss: 5.354
[1A 6: loss: 5.348
[1A 7: loss: 5.343
[1A 8: loss: 5.338
[1A 9: loss: 5.333
[1A 10: loss: 5.329
Saving network ./skip116/model3.pth
== Batch 3
 1: loss: 3.032

[1A 2: loss: 2.902
[1A 3: loss: 2.871
[1A 4: loss: 2.849
[1A 5: loss: 2.833
[1A 6: loss: 2.821
[1A 7: loss: 2.812
[1A 8: loss: 2.805
[1A 9: loss: 2.799
[1A 10: loss: 2.795
Saving network ./skip116/model3.pth
== Batch 4
 1: loss: 5.631

[1A 2: loss: 5.473
[1A 3: loss: 5.461rm: cannot remove 'skip116/debug/*.png': No such file or directory

[1A 4: loss: 5.452
[1A 5: loss: 5.444
[1A 6: loss: 5.438
[1A 7: loss: 5.434
[1A 8: loss: 5.430
[1A 9: loss: 5.427
[1A 10: loss: 5.425
Saving network ./skip116/model3.pth
== Batch 5
 1: loss: 4.162

[1A 2: loss: 3.983
[1A 3: loss: 3.938
[1A 4: loss: 3.906
[1A 5: loss: 3.883
[1A 6: loss: 3.866
[1A 7: loss: 3.853
[1A 8: loss: 3.843
[1A 9: loss: 3.835
[1A 10: loss: 3.829
Saving network ./skip116/model3.pth
== Batch 6
 1: loss: 4.228

[1A 2: loss: 4.170
[1A 3: loss: 4.150
[1A 4: loss: 4.134
[1A 5: loss: 4.121
[1A 6: loss: 4.111
[1A 7: loss: 4.102
[1A 8: loss: 4.096
[1A 9: loss: 4.090
[1A 10: loss: 4.085
Saving network ./skip116/model3.pth
== Batch 7
 1: loss: 5.678

[1A 2: loss: 4.757
[1A 3: loss: 4.604
[1A 4: loss: 4.546
[1A 5: loss: 4.504
[1A 6: loss: 4.465
[1A 7: loss: 4.428
[1A 8: loss: 4.394
[1A 9: loss: 4.362
[1A 10: loss: 4.333
Saving network ./skip116/model3.pth
== Batch 8
 1: loss: 3.634

[1A 2: loss: 2.364
[1A 3: loss: 2.046
[1A 4: loss: 1.804
[1A 5: loss: 1.631
[1A 6: loss: 1.495
[1A 7: loss: 1.393
[1A 8: loss: 1.311
[1A 9: loss: 1.245
[1A 10: loss: 1.190
Saving network ./skip116/model3.pth
== Batch 9
 1: loss: 8.010

[1A 2: loss: 6.262
[1A 3: loss: 5.633
[1A 4: loss: 5.309
[1A 5: loss: 5.169
[1A 6: loss: 5.105
[1A 7: loss: 5.064
[1A 8: loss: 5.029
[1A 9: loss: 4.995
[1A 10: loss: 4.963
Saving network ./skip116/model3.pth
== Batch 10
 1: loss: 4.313

[1A 2: loss: 4.217
[1A 3: loss: 4.158
[1A 4: loss: 4.121
[1A 5: loss: 4.096
[1A 6: loss: 4.077
[1A 7: loss: 4.061
[1A 8: loss: 4.046
[1A 9: loss: 4.031
[1A 10: loss: 4.017
Saving network ./skip116/model3.pth
== Batch 11
 1: loss: 6.068

[1A 2: loss: 5.890
[1A 3: loss: 5.770
[1A 4: loss: 5.676
[1A 5: loss: 5.603
[1A 6: loss: 5.550
[1A 7: loss: 5.512
[1A 8: loss: 5.485
[1A 9: loss: 5.465
[1A 10: loss: 5.450
Saving network ./skip116/model3.pth
== Batch 12
 1: loss: 5.022

[1A 2: loss: 4.979
[1A 3: loss: 4.969
[1A 4: loss: 4.964
[1A 5: loss: 4.960
[1A 6: loss: 4.957
[1A 7: loss: 4.954
[1A 8: loss: 4.952
[1A 9: loss: 4.949
[1A 10: loss: 4.947
Saving network ./skip116/model3.pth
== Batch 13
 1: loss: 3.381

[1A 2: loss: 3.273
[1A 3: loss: 3.259
[1A 4: loss: 3.246
[1A 5: loss: 3.234
[1A 6: loss: 3.223
[1A 7: loss: 3.213
[1A 8: loss: 3.204
[1A 9: loss: 3.195
[1A 10: loss: 3.186
Saving network ./skip116/model3.pth
== Batch 14
 1: loss: 4.032

[1A 2: loss: 3.925
[1A 3: loss: 3.865
[1A 4: loss: 3.861
[1A 5: loss: 3.858
[1A 6: loss: 3.856
[1A 7: loss: 3.854
[1A 8: loss: 3.852
[1A 9: loss: 3.851
[1A 10: loss: 3.849
Saving network ./skip116/model3.pth
== Batch 15
 1: loss: 4.417

[1A 2: loss: 4.401
[1A 3: loss: 4.396
[1A 4: loss: 4.391
[1A 5: loss: 4.387
[1A 6: loss: 4.383
[1A 7: loss: 4.379
[1A 8: loss: 4.376
[1A 9: loss: 4.373
[1A 10: loss: 4.370
Saving network ./skip116/model3.pth
== Batch 16
 1: loss: 7.664

[1A 2: loss: 7.535
[1A 3: loss: 7.479
[1A 4: loss: 7.425
[1A 5: loss: 7.374
[1A 6: loss: 7.324
[1A 7: loss: 7.276
[1A 8: loss: 7.228
[1A 9: loss: 7.181
[1A 10: loss: 7.135
Saving network ./skip116/model3.pth
== Batch 17
 1: loss: 5.247

[1A 2: loss: 4.545
[1A 3: loss: 4.515
[1A 4: loss: 4.495
[1A 5: loss: 4.480
[1A 6: loss: 4.468
[1A 7: loss: 4.460
[1A 8: loss: 4.453
[1A 9: loss: 4.447
[1A 10: loss: 4.442
Saving network ./skip116/model3.pth
== Batch 18
 1: loss: 3.821

[1A 2: loss: 3.651
[1A 3: loss: 3.641
[1A 4: loss: 3.634
[1A 5: loss: 3.628
[1A 6: loss: 3.622
[1A 7: loss: 3.618
[1A 8: loss: 3.614
[1A 9: loss: 3.610
[1A 10: loss: 3.607
Saving network ./skip116/model3.pth
== Batch 19
 1: loss: 3.737

[1A 2: loss: 3.304
[1A 3: loss: 3.273
[1A 4: loss: 3.266
[1A 5: loss: 3.262
[1A 6: loss: 3.258
[1A 7: loss: 3.255
[1A 8: loss: 3.252
[1A 9: loss: 3.249
[1A 10: loss: 3.246
Saving network ./skip116/model3.pth
== Batch 20
 1: loss: 5.488

[1A 2: loss: 5.131
[1A 3: loss: 5.104
[1A 4: loss: 5.103
[1A 5: loss: 5.102
[1A 6: loss: 5.101
[1A 7: loss: 5.100
[1A 8: loss: 5.100
[1A 9: loss: 5.099
[1A 10: loss: 5.098
Saving network ./skip116/model3.pth
== Batch 21
 1: loss: 1.999

[1A 2: loss: 1.952
[1A 3: loss: 1.929
[1A 4: loss: 1.914
[1A 5: loss: 1.903
[1A 6: loss: 1.895
[1A 7: loss: 1.890
[1A 8: loss: 1.886
[1A 9: loss: 1.883
[1A 10: loss: 1.881
Saving network ./skip116/model3.pth
== Batch 22
 1: loss: 6.004

[1A 2: loss: 5.650
[1A 3: loss: 5.559
[1A 4: loss: 5.500
[1A 5: loss: 5.454
[1A 6: loss: 5.422
[1A 7: loss: 5.399
[1A 8: loss: 5.384
[1A 9: loss: 5.375
[1A 10: loss: 5.368
Saving network ./skip116/model3.pth
== Batch 23
 1: loss: 3.831

[1A 2: loss: 3.413
[1A 3: loss: 3.285
[1A 4: loss: 3.212
[1A 5: loss: 3.172
[1A 6: loss: 3.149
[1A 7: loss: 3.133
[1A 8: loss: 3.123
[1A 9: loss: 3.115
[1A 10: loss: 3.110
Saving network ./skip116/model3.pth
== Batch 24
 1: loss: 2.453

[1A 2: loss: 2.340
[1A 3: loss: 2.333
[1A 4: loss: 2.331
[1A 5: loss: 2.329
[1A 6: loss: 2.327
[1A 7: loss: 2.325
[1A 8: loss: 2.324
[1A 9: loss: 2.323
[1A 10: loss: 2.322
Saving network ./skip116/model3.pth
== Batch 25
 1: loss: 6.684

[1A 2: loss: 6.422
[1A 3: loss: 6.394
[1A 4: loss: 6.378
[1A 5: loss: 6.362
[1A 6: loss: 6.346
[1A 7: loss: 6.332
[1A 8: loss: 6.318
[1A 9: loss: 6.306
[1A 10: loss: 6.294
Saving network ./skip116/model3.pth
== Batch 26
 1: loss: 6.843

[1A 2: loss: 6.343
[0;31m[1A 3: loss: 6.475
[0m
[1A 4: loss: 6.006
[1A 5: loss: 5.989
[1A 6: loss: 5.979
[1A 7: loss: 5.975
[1A 8: loss: 5.972
[1A 9: loss: 5.970
[1A 10: loss: 5.968
Saving network ./skip116/model3.pth
== Batch 27
 1: loss: 5.703

[1A 2: loss: 4.630
[1A 3: loss: 4.567
[1A 4: loss: 4.512
[1A 5: loss: 4.463
[1A 6: loss: 4.421
[1A 7: loss: 4.387
[1A 8: loss: 4.358
[1A 9: loss: 4.336
[1A 10: loss: 4.319
Saving network ./skip116/model3.pth
== Batch 28
 1: loss: 6.539

[1A 2: loss: 5.378
[0;31m[1A 3: loss: 6.221
[0m
[1A 4: loss: 4.521
[1A 5: loss: 4.180
[1A 6: loss: 4.140
[1A 7: loss: 4.109
[1A 8: loss: 4.089
[1A 9: loss: 4.073
[1A 10: loss: 4.063
Saving network ./skip116/model3.pth
== Batch 29
 1: loss: 2.755

[1A 2: loss: 2.698
[1A 3: loss: 2.678
[1A 4: loss: 2.675
[1A 5: loss: 2.673
[1A 6: loss: 2.671
[1A 7: loss: 2.670
[1A 8: loss: 2.669
[1A 9: loss: 2.668
[1A 10: loss: 2.667
Saving network ./skip116/model3.pth
Percentage correct: 0
90 neg chips, error range: 0.107748 to 1.000000
90 pos chips, error range: 0.150836 to 0.813734
rate 0.000857
SaveChips in girder: pos 90, neg 90 ==============
SaveChips: pos 90, neg 90 ==============
==== Epoch 3
== Batch 0
 1: loss: 5.677

[1A 2: loss: 5.369
[1A 3: loss: 5.325
[1A 4: loss: 5.301
[1A 5: loss: 5.280
[1A 6: loss: 5.262
[1A 7: loss: 5.244
[1A 8: loss: 5.227
[1A 9: loss: 5.211
[1A 10: loss: 5.196
Saving network ./skip116/model3.pth
== Batch 1
 1: loss: 4.283

[1A 2: loss: 4.215
[1A 3: loss: 4.184
[1A 4: loss: 4.162
[1A 5: loss: 4.143
[1A 6: loss: 4.126
[1A 7: loss: 4.111
[1A 8: loss: 4.096
[1A 9: loss: 4.083
[1A 10: loss: 4.070
Saving network ./skip116/model3.pth
== Batch 2
 1: loss: 3.916

[1A 2: loss: 3.906
[1A 3: loss: 3.898
[1A 4: loss: 3.892
[1A 5: loss: 3.886
[1A 6: loss: 3.881
[1A 7: loss: 3.877
[1A 8: loss: 3.873
[1A 9: loss: 3.870
[1A 10: loss: 3.867
Saving network ./skip116/model3.pth
== Batch 3
 1: loss: 10.520

[1A 2: loss: 8.087
[1A 3: loss: 7.925
[1A 4: loss: 7.846
[1A 5: loss: 7.773
[1A 6: loss: 7.704
[1A 7: loss: 7.639
[1A 8: loss: 7.579
[1A 9: loss: 7.521
[1A 10: loss: 7.468
Saving network ./skip116/model3.pth
== Batch 4
 1: loss: 5.741

[1A 2: loss: 5.668
[1A 3: loss: 5.640
[1A 4: loss: 5.616
[1A 5: loss: 5.594
[1A 6: loss: 5.572
[1A 7: loss: 5.552
[1A 8: loss: 5.532
[1A 9: loss: 5.513
[1A 10: loss: 5.495
Saving network ./skip116/model3.pth
== Batch 5
 1: loss: 8.395

[1A 2: loss: 7.796
[1A 3: loss: 7.780
[1A 4: loss: 7.765
[1A 5: loss: 7.751
[1A 6: loss: 7.739
[1A 7: loss: 7.727
[1A 8: loss: 7.716
[1A 9: loss: 7.706
[1A 10: loss: 7.696
Saving network ./skip116/model3.pth
== Batch 6
 1: loss: 2.428

[1A 2: loss: 2.380
[1A 3: loss: 2.358
[1A 4: loss: 2.345
[1A 5: loss: 2.335
[1A 6: loss: 2.327
[1A 7: loss: 2.321rm: cannot remove 'skip116/debug/*.png': No such file or directory

[1A 8: loss: 2.316
[1A 9: loss: 2.311
[1A 10: loss: 2.307
Saving network ./skip116/model3.pth
== Batch 7
 1: loss: 2.629

[1A 2: loss: 2.354
[1A 3: loss: 2.337
[1A 4: loss: 2.323
[1A 5: loss: 2.310
[1A 6: loss: 2.298
[1A 7: loss: 2.287
[1A 8: loss: 2.276
[1A 9: loss: 2.266
[1A 10: loss: 2.257
Saving network ./skip116/model3.pth
== Batch 8
 1: loss: 6.827

[1A 2: loss: 6.216
[1A 3: loss: 6.134
[1A 4: loss: 6.105
[1A 5: loss: 6.085
[1A 6: loss: 6.067
[1A 7: loss: 6.051
[1A 8: loss: 6.037
[1A 9: loss: 6.025
[1A 10: loss: 6.014
Saving network ./skip116/model3.pth
== Batch 9
 1: loss: 3.686

[1A 2: loss: 3.326
[1A 3: loss: 3.270
[1A 4: loss: 3.229
[1A 5: loss: 3.199
[1A 6: loss: 3.176
[1A 7: loss: 3.159
[1A 8: loss: 3.145
[1A 9: loss: 3.135
[1A 10: loss: 3.127
Saving network ./skip116/model3.pth
== Batch 10
 1: loss: 5.154

[1A 2: loss: 4.907
[1A 3: loss: 4.882
[1A 4: loss: 4.860
[1A 5: loss: 4.842
[1A 6: loss: 4.828
[1A 7: loss: 4.816
[1A 8: loss: 4.807
[1A 9: loss: 4.800
[1A 10: loss: 4.795
Saving network ./skip116/model3.pth
== Batch 11
 1: loss: 6.716

[1A 2: loss: 6.710
[1A 3: loss: 6.707
[1A 4: loss: 6.704
[1A 5: loss: 6.701
[1A 6: loss: 6.700
[1A 7: loss: 6.698
[1A 8: loss: 6.697
[1A 9: loss: 6.696
[1A 10: loss: 6.695
Saving network ./skip116/model3.pth
== Batch 12
 1: loss: 7.225

[1A 2: loss: 6.737
[1A 3: loss: 6.715
[1A 4: loss: 6.699
[1A 5: loss: 6.685
[1A 6: loss: 6.672
[1A 7: loss: 6.660
[1A 8: loss: 6.649
[1A 9: loss: 6.638
[1A 10: loss: 6.629
Saving network ./skip116/model3.pth
== Batch 13
 1: loss: 7.102

[1A 2: loss: 6.856
[0;31m[1A 3: loss: 7.195
[0m
[1A 4: loss: 6.617
[1A 5: loss: 6.614
[1A 6: loss: 6.537
[1A 7: loss: 6.525
[1A 8: loss: 6.509
[1A 9: loss: 6.502
[1A 10: loss: 6.496
Saving network ./skip116/model3.pth
== Batch 14
 1: loss: 11.817

[1A 2: loss: 10.977
[1A 3: loss: 10.812
[1A 4: loss: 10.661
[1A 5: loss: 10.530
[1A 6: loss: 10.423
[1A 7: loss: 10.342
[1A 8: loss: 10.285
[1A 9: loss: 10.248
[1A 10: loss: 10.225
Saving network ./skip116/model3.pth
== Batch 15
 1: loss: 4.654

[1A 2: loss: 4.520
[1A 3: loss: 4.443
[1A 4: loss: 4.403
[0;31m[1A 5: loss: 4.414
[0m
[1A 6: loss: 4.371
[0;31m[1A 7: loss: 4.430
[0m
[1A 8: loss: 4.302
[0;31m[1A 9: loss: 4.317
[0m
[1A 10: loss: 4.250
Saving network ./skip116/model3.pth
== Batch 16
 1: loss: 5.230

[1A 2: loss: 4.638
[1A 3: loss: 4.630
[1A 4: loss: 4.623
[1A 5: loss: 4.617
[1A 6: loss: 4.611
[1A 7: loss: 4.606
[1A 8: loss: 4.602
[1A 9: loss: 4.598
[1A 10: loss: 4.595
Saving network ./skip116/model3.pth
== Batch 17
 1: loss: 6.450

[1A 2: loss: 6.124
[1A 3: loss: 6.001
[1A 4: loss: 5.914
[1A 5: loss: 5.873
[1A 6: loss: 5.843
[1A 7: loss: 5.821
[1A 8: loss: 5.802
[1A 9: loss: 5.786
[1A 10: loss: 5.773
Saving network ./skip116/model3.pth
== Batch 18
 1: loss: 5.885

[1A 2: loss: 5.217
[0;31m[1A 3: loss: 5.844
[0m
[1A 4: loss: 4.621
[1A 5: loss: 4.584
[1A 6: loss: 4.556
[1A 7: loss: 4.535
[1A 8: loss: 4.519
[1A 9: loss: 4.506
[1A 10: loss: 4.496
Saving network ./skip116/model3.pth
== Batch 19
 1: loss: 7.784

[1A 2: loss: 6.331
[1A 3: loss: 6.290
[1A 4: loss: 6.279
[1A 5: loss: 6.269
[1A 6: loss: 6.261
[1A 7: loss: 6.252
[1A 8: loss: 6.244
[1A 9: loss: 6.236
[1A 10: loss: 6.229
Saving network ./skip116/model3.pth
== Batch 20
 1: loss: 5.550

[1A 2: loss: 5.109
[1A 3: loss: 5.023
[1A 4: loss: 4.971
[1A 5: loss: 4.923
[1A 6: loss: 4.879
[1A 7: loss: 4.839
[1A 8: loss: 4.801
[1A 9: loss: 4.767
[1A 10: loss: 4.734
Saving network ./skip116/model3.pth
== Batch 21
 1: loss: 5.491

[1A 2: loss: 5.139
[1A 3: loss: 5.071
[1A 4: loss: 5.040
[1A 5: loss: 5.016
[1A 6: loss: 4.993
[1A 7: loss: 4.971
[1A 8: loss: 4.951
[1A 9: loss: 4.932
[1A 10: loss: 4.915
Saving network ./skip116/model3.pth
== Batch 22
 1: loss: 3.500

[1A 2: loss: 3.388
[1A 3: loss: 3.368
[1A 4: loss: 3.351
[1A 5: loss: 3.337
[1A 6: loss: 3.324
[1A 7: loss: 3.313
[1A 8: loss: 3.303
[1A 9: loss: 3.293
[1A 10: loss: 3.285
Saving network ./skip116/model3.pth
== Batch 23
 1: loss: 3.933

[1A 2: loss: 3.893
[1A 3: loss: 3.872
[1A 4: loss: 3.855
[1A 5: loss: 3.841
[1A 6: loss: 3.828
[1A 7: loss: 3.816
[1A 8: loss: 3.806
[1A 9: loss: 3.796
[1A 10: loss: 3.788
Saving network ./skip116/model3.pth
== Batch 24
 1: loss: 7.522

[0;31m[1A 2: loss: 8.211
[0m
[0;31m[1A 3: loss: 14.614
[0m
[1A 4: loss: 7.312
[1A 5: loss: 5.604
[1A 6: loss: 5.084
[1A 7: loss: 5.006
[1A 8: loss: 5.005
[1A 9: loss: 5.004
[1A 10: loss: 5.004
Saving network ./skip116/model3.pth
== Batch 25
 1: loss: 5.751

[1A 2: loss: 5.129
[1A 3: loss: 5.117
[1A 4: loss: 5.107
[1A 5: loss: 5.099
[1A 6: loss: 5.091
[1A 7: loss: 5.083
[1A 8: loss: 5.076
[1A 9: loss: 5.069
[1A 10: loss: 5.063
Saving network ./skip116/model3.pth
== Batch 26
 1: loss: 6.624

[1A 2: loss: 6.540
[1A 3: loss: 6.505
[1A 4: loss: 6.477
[1A 5: loss: 6.452
[1A 6: loss: 6.431
[1A 7: loss: 6.413
[1A 8: loss: 6.398
[1A 9: loss: 6.387
[1A 10: loss: 6.378
Saving network ./skip116/model3.pth
== Batch 27
 1: loss: 8.054

[1A 2: loss: 5.944
[1A 3: loss: 5.878
[1A 4: loss: 5.825
[1A 5: loss: 5.774
[1A 6: loss: 5.726
[1A 7: loss: 5.681
[1A 8: loss: 5.640
[1A 9: loss: 5.602
[1A 10: loss: 5.570
Saving network ./skip116/model3.pth
== Batch 28
 1: loss: 4.005

[1A 2: loss: 3.907
[1A 3: loss: 3.879
[1A 4: loss: 3.860
[1A 5: loss: 3.847
[1A 6: loss: 3.838
[1A 7: loss: 3.831
[1A 8: loss: 3.826
[1A 9: loss: 3.822
[1A 10: loss: 3.819
Saving network ./skip116/model3.pth
== Batch 29
 1: loss: 5.457

[1A 2: loss: 4.776
[1A 3: loss: 4.677
[1A 4: loss: 4.618
[1A 5: loss: 4.565
[1A 6: loss: 4.518
[1A 7: loss: 4.474
[1A 8: loss: 4.436
[1A 9: loss: 4.403
[1A 10: loss: 4.375
Saving network ./skip116/model3.pth
Percentage correct: 0
120 neg chips, error range: 0.069455 to 1.000000
108 pos chips, error range: 0.133797 to 1.000000
rate 0.000815
SaveChips in girder: pos 108, neg 100 ==============
SaveChips: pos 108, neg 100 ==============
==== Epoch 4
== Batch 0
 1: loss: 6.524

[1A 2: loss: 5.431
[1A 3: loss: 5.275
[1A 4: loss: 4.595
[1A 5: loss: 4.548
[1A 6: loss: 4.518
[1A 7: loss: 4.498
[1A 8: loss: 4.482
[1A 9: loss: 4.470
[1A 10: loss: 4.461
Saving network ./skip116/model3.pth
== Batch 1
 1: loss: 3.595

[1A 2: loss: 3.474
[1A 3: loss: 3.469
[1A 4: loss: 3.465
[1A 5: loss: 3.462
[1A 6: loss: 3.460
[1A 7: loss: 3.457
[1A 8: loss: 3.456
[1A 9: loss: 3.454
[1A 10: loss: 3.453
Saving network ./skip116/model3.pth
== Batch 2
 1: loss: 3.871

[1A 2: loss: 3.787
[1A 3: loss: 3.774
[1A 4: loss: 3.770
[1A 5: loss: 3.767
[1A 6: loss: 3.765
[1A 7: loss: 3.763
[1A 8: loss: 3.762
[1A 9: loss: 3.761
[1A 10: loss: 3.760
Saving network ./skip116/model3.pth
== Batch 3
 1: loss: 5.725

[1A 2: loss: 5.652
[1A 3: loss: 5.614
[1A 4: loss: 5.583
[1A 5: loss: 5.560
[1A 6: loss: 5.543
[1A 7: loss: 5.531
[1A 8: loss: 5.523
[1A 9: loss: 5.516
[1A 10: loss: 5.512
Saving network ./skip116/model3.pth
== Batch 4
 1: loss: 9.240

[1A 2: loss: 7.073
[1A 3: loss: 7.053
[1A 4: loss: 7.035
[1A 5: loss: 7.018
[1A 6: loss: 7.001
[1A 7: loss: 6.984
[1A 8: loss: 6.968
[1A 9: loss: 6.953
[1A 10: loss: 6.938
Saving network ./skip116/model3.pth
== Batch 5
 1: loss: 5.204

[1A 2: loss: 4.860
[1A 3: loss: 4.829
[1A 4: loss: 4.810
[1A 5: loss: 4.799
[1A 6: loss: 4.791
[1A 7: loss: 4.786
[1A 8: loss: 4.782
[1A 9: loss: 4.778
[1A 10: loss: 4.776
Saving network ./skip116/model3.pth
== Batch 6
 1: loss: 5.511

[1A 2: loss: 5.125
[1A 3: loss: 5.117
[1A 4: loss: 5.112
[1A 5: loss: 5.110
[1A 6: loss: 5.108
[1A 7: loss: 5.106
[1A 8: loss: 5.105
[1A 9: loss: 5.104
[1A 10: loss: 5.103
Saving network ./skip116/model3.pth
== Batch 7
 1: loss: 4.842

[1A 2: loss: 4.370
[1A 3: loss: 4.344
[1A 4: loss: 4.323
[1A 5: loss: 4.306
[1A 6: loss: 4.292
[1A 7: loss: 4.281
[1A 8: loss: 4.272
[1A 9: loss: 4.265
[1A 10: loss: 4.260
Saving network ./skip116/model3.pth
== Batch 8
 1: loss: 4.441

[1A 2: loss: 4.261
[1A 3: loss: 4.229
[1A 4: loss: 4.207
[1A 5: loss: 4.192
[1A 6: loss: 4.182
[1A 7: loss: 4.174rm: cannot remove 'skip116/debug/*.png': No such file or directory

[1A 8: loss: 4.168
[1A 9: loss: 4.164
[1A 10: loss: 4.160
Saving network ./skip116/model3.pth
== Batch 9
 1: loss: 2.751

[1A 2: loss: 2.664
[1A 3: loss: 2.617
[1A 4: loss: 2.584
[1A 5: loss: 2.560
[1A 6: loss: 2.543
[1A 7: loss: 2.529
[1A 8: loss: 2.519
[1A 9: loss: 2.510
[1A 10: loss: 2.503
Saving network ./skip116/model3.pth
== Batch 10
 1: loss: 5.147

[1A 2: loss: 5.063
[1A 3: loss: 5.061
[1A 4: loss: 5.059
[1A 5: loss: 5.057
[1A 6: loss: 5.055
[1A 7: loss: 5.054
[1A 8: loss: 5.053
[1A 9: loss: 5.052
[1A 10: loss: 5.051
Saving network ./skip116/model3.pth
== Batch 11
 1: loss: 6.903

[1A 2: loss: 6.470
[0;31m[1A 3: loss: 6.832
[0m
[1A 4: loss: 5.904
[1A 5: loss: 5.881
[1A 6: loss: 5.860
[1A 7: loss: 5.849
[1A 8: loss: 5.842
[1A 9: loss: 5.837
[1A 10: loss: 5.833
Saving network ./skip116/model3.pth
== Batch 12
 1: loss: 6.402

[1A 2: loss: 5.238
[1A 3: loss: 4.932
[1A 4: loss: 4.842
[1A 5: loss: 4.817
[1A 6: loss: 4.807
[1A 7: loss: 4.801
[1A 8: loss: 4.795
[1A 9: loss: 4.790
[1A 10: loss: 4.785
Saving network ./skip116/model3.pth
== Batch 13
 1: loss: 4.712

[1A 2: loss: 4.685
[1A 3: loss: 4.675
[1A 4: loss: 4.667
[1A 5: loss: 4.660
[1A 6: loss: 4.652
[1A 7: loss: 4.645
[1A 8: loss: 4.639
[1A 9: loss: 4.632
[1A 10: loss: 4.627
Saving network ./skip116/model3.pth
== Batch 14
 1: loss: 6.607

[1A 2: loss: 6.119
[1A 3: loss: 6.112
[1A 4: loss: 6.110
[1A 5: loss: 6.109
[1A 6: loss: 6.107
[1A 7: loss: 6.106
[1A 8: loss: 6.105
[1A 9: loss: 6.104
[1A 10: loss: 6.103
Saving network ./skip116/model3.pth
== Batch 15
 1: loss: 4.438

[1A 2: loss: 4.429
[1A 3: loss: 4.427
[1A 4: loss: 4.425
[1A 5: loss: 4.424
[1A 6: loss: 4.423
[1A 7: loss: 4.421
[1A 8: loss: 4.420
[1A 9: loss: 4.419
[1A 10: loss: 4.418
Saving network ./skip116/model3.pth
== Batch 16
 1: loss: 3.022

[1A 2: loss: 2.752
[1A 3: loss: 2.624
[1A 4: loss: 2.443
[1A 5: loss: 2.350
[1A 6: loss: 2.272
[1A 7: loss: 2.214
[1A 8: loss: 2.167
[1A 9: loss: 2.130
[1A 10: loss: 2.099
Saving network ./skip116/model3.pth
== Batch 17
 1: loss: 6.931

[1A 2: loss: 5.958
[1A 3: loss: 5.653
[1A 4: loss: 5.505
[1A 5: loss: 5.424
[1A 6: loss: 5.372
[1A 7: loss: 5.331
[1A 8: loss: 5.295
[1A 9: loss: 5.261
[1A 10: loss: 5.228
Saving network ./skip116/model3.pth
== Batch 18
 1: loss: 3.614

[1A 2: loss: 3.267
[1A 3: loss: 3.162
[1A 4: loss: 3.131
[1A 5: loss: 3.120
[1A 6: loss: 3.114
[1A 7: loss: 3.109
[1A 8: loss: 3.105
[1A 9: loss: 3.101
[1A 10: loss: 3.097
Saving network ./skip116/model3.pth
== Batch 19
 1: loss: 6.215

[1A 2: loss: 5.309
[1A 3: loss: 5.300
[1A 4: loss: 5.292
[1A 5: loss: 5.284
[1A 6: loss: 5.277
[1A 7: loss: 5.270
[1A 8: loss: 5.264
[1A 9: loss: 5.258
[1A 10: loss: 5.253
Saving network ./skip116/model3.pth
== Batch 20
 1: loss: 6.022

[1A 2: loss: 5.988
[1A 3: loss: 5.971
[1A 4: loss: 5.956
[1A 5: loss: 5.942
[1A 6: loss: 5.929
[1A 7: loss: 5.917
[1A 8: loss: 5.906
[1A 9: loss: 5.896
[1A 10: loss: 5.887
Saving network ./skip116/model3.pth
== Batch 21
 1: loss: 2.788

[1A 2: loss: 2.782
[1A 3: loss: 2.779
[1A 4: loss: 2.776
[1A 5: loss: 2.775
[1A 6: loss: 2.774
[1A 7: loss: 2.773
[1A 8: loss: 2.772
[1A 9: loss: 2.771
[1A 10: loss: 2.771
Saving network ./skip116/model3.pth
== Batch 22
 1: loss: 3.317

[1A 2: loss: 3.049
[1A 3: loss: 3.036
[1A 4: loss: 3.026
[1A 5: loss: 3.018
[1A 6: loss: 3.012
[1A 7: loss: 3.006
[1A 8: loss: 3.001
[1A 9: loss: 2.996
[1A 10: loss: 2.992
Saving network ./skip116/model3.pth
== Batch 23
 1: loss: 4.831

[1A 2: loss: 4.803
[1A 3: loss: 4.780
[1A 4: loss: 4.761
[1A 5: loss: 4.746
[1A 6: loss: 4.734
[1A 7: loss: 4.725
[1A 8: loss: 4.718
[1A 9: loss: 4.712
[1A 10: loss: 4.708
Saving network ./skip116/model3.pth
== Batch 24
 1: loss: 4.283

[1A 2: loss: 4.243
[1A 3: loss: 4.206
[1A 4: loss: 4.173
[1A 5: loss: 4.143
[1A 6: loss: 4.116
[1A 7: loss: 4.091
[1A 8: loss: 4.068
[1A 9: loss: 4.047
[1A 10: loss: 4.027
Saving network ./skip116/model3.pth
== Batch 25
 1: loss: 5.802

[1A 2: loss: 5.350
[1A 3: loss: 5.320
[1A 4: loss: 5.293
[1A 5: loss: 5.269
[1A 6: loss: 5.249
[1A 7: loss: 5.231
[1A 8: loss: 5.217
[1A 9: loss: 5.205
[1A 10: loss: 5.195
Saving network ./skip116/model3.pth
== Batch 26
 1: loss: 3.058

[1A 2: loss: 2.962
[1A 3: loss: 2.940
[1A 4: loss: 2.925
[1A 5: loss: 2.914
[1A 6: loss: 2.905
[1A 7: loss: 2.898
[1A 8: loss: 2.893
[1A 9: loss: 2.888
[1A 10: loss: 2.885
Saving network ./skip116/model3.pth
== Batch 27
 1: loss: 3.184

[1A 2: loss: 3.093
[1A 3: loss: 3.044
[1A 4: loss: 3.014
[1A 5: loss: 2.995
[1A 6: loss: 2.981
[1A 7: loss: 2.971
[1A 8: loss: 2.963
[1A 9: loss: 2.956
[1A 10: loss: 2.950
Saving network ./skip116/model3.pth
== Batch 28
 1: loss: 6.625

[1A 2: loss: 6.111
[1A 3: loss: 6.030
[1A 4: loss: 5.956
[1A 5: loss: 5.890
[1A 6: loss: 5.831
[1A 7: loss: 5.782
[1A 8: loss: 5.741
[1A 9: loss: 5.709
[1A 10: loss: 5.684
Saving network ./skip116/model3.pth
== Batch 29
 1: loss: 6.895

[1A 2: loss: 6.799
[1A 3: loss: 6.730
[1A 4: loss: 6.679
[1A 5: loss: 6.636
[1A 6: loss: 6.599
[1A 7: loss: 6.566
[1A 8: loss: 6.537
[1A 9: loss: 6.509
[1A 10: loss: 6.484
Saving network ./skip116/model3.pth
Percentage correct: 0
130 neg chips, error range: 0.134854 to 1.000000
124 pos chips, error range: 0.154695 to 1.000000
rate 0.000774
SaveChips in girder: pos 124, neg 100 ==============
SaveChips: pos 124, neg 100 ==============
==== Epoch 5
== Batch 0
 1: loss: 5.354

[1A 2: loss: 3.519
[1A 3: loss: 3.001
[1A 4: loss: 2.834
[1A 5: loss: 2.759
[1A 6: loss: 2.712
[1A 7: loss: 2.673
[1A 8: loss: 2.637
[1A 9: loss: 2.602
[1A 10: loss: 2.569
Saving network ./skip116/model3.pth
== Batch 1
 1: loss: 15.556

[1A 2: loss: 7.803
[1A 3: loss: 7.473
[1A 4: loss: 7.279
[1A 5: loss: 7.157
[1A 6: loss: 7.065
[1A 7: loss: 7.001
[1A 8: loss: 6.951
[1A 9: loss: 6.915
[1A 10: loss: 6.887
Saving network ./skip116/model3.pth
== Batch 2
 1: loss: 8.271

[1A 2: loss: 5.364
[1A 3: loss: 5.009
[1A 4: loss: 4.962
[1A 5: loss: 4.938
[1A 6: loss: 4.916
[1A 7: loss: 4.895
[1A 8: loss: 4.875
[1A 9: loss: 4.855
[1A 10: loss: 4.836
Saving network ./skip116/model3.pth
== Batch 3
 1: loss: 6.834

[1A 2: loss: 5.489
[1A 3: loss: 5.309
[1A 4: loss: 5.286
[1A 5: loss: 5.265
[1A 6: loss: 5.244
[1A 7: loss: 5.225
[1A 8: loss: 5.206
[1A 9: loss: 5.188
[1A 10: loss: 5.170
Saving network ./skip116/model3.pth
== Batch 4
 1: loss: 6.336

[1A 2: loss: 6.281
[1A 3: loss: 6.175
[1A 4: loss: 6.167
[1A 5: loss: 6.161
[1A 6: loss: 6.156
[1A 7: loss: 6.151
[1A 8: loss: 6.146
[1A 9: loss: 6.141
[1A 10: loss: 6.136
Saving network ./skip116/model3.pth
== Batch 5
 1: loss: 6.091

[1A 2: loss: 5.958
[1A 3: loss: 5.866
[1A 4: loss: 5.789
[1A 5: loss: 5.721
[1A 6: loss: 5.662
[1A 7: loss: 5.608
[1A 8: loss: 5.560
[1A 9: loss: 5.515
[1A 10: loss: 5.475
Saving network ./skip116/model3.pth
== Batch 6
 1: loss: 6.452

[1A 2: loss: 6.117
[1A 3: loss: 6.086
[1A 4: loss: 6.062
[1A 5: loss: 6.041
[1A 6: loss: 6.022
[1A 7: loss: 6.006
[1A 8: loss: 5.992
[1A 9: loss: 5.980
[1A 10: loss: 5.968
Saving network ./skip116/model3.pth
== Batch 7
 1: loss: 8.269

[1A 2: loss: 7.908
[1A 3: loss: 7.799
[1A 4: loss: 7.740
[1A 5: loss: 7.692
[1A 6: loss: 7.647
[1A 7: loss: 7.605
[1A 8: loss: 7.565
[1A 9: loss: 7.528
[1A 10: loss: 7.493
Saving network ./skip116/model3.pth
== Batch 8
 1: loss: 5.754

[1A 2: loss: 5.590
[1A 3: loss: 5.547
[1A 4: loss: 5.510
[1A 5: loss: 5.476
[1A 6: loss: 5.445
[1A 7: loss: 5.416
[1A 8: loss: 5.389
[1A 9: loss: 5.365
[1A 10: loss: 5.342
Saving network ./skip116/model3.pth
== Batch 9
 1: loss: 5.222

[1A 2: loss: 5.173
[0;31m[1A 3: loss: 6.138
[0m
[1A 4: loss: 4.514
[1A 5: loss: 4.453
[1A 6: loss: 4.432
[1A 7: loss: 4.409
[1A 8: loss: 4.394
[1A 9: loss: 4.381
[1A 10: loss: 4.370
Saving network ./skip116/model3.pth
== Batch 10
 1: loss: 4.975

[1A 2: loss: 3.752
[1A 3: loss: 3.543
[1A 4: loss: 3.491
[1A 5: loss: 3.463
[1A 6: loss: 3.440
[1A 7: loss: 3.417
[1A 8: loss: 3.397
[1A 9: loss: 3.377
[1A 10: loss: 3.359
Saving network ./skip116/model3.pthrm: cannot remove 'skip116/debug/*.png': No such file or directory

== Batch 11
 1: loss: 4.885

[1A 2: loss: 4.861
[1A 3: loss: 4.837
[1A 4: loss: 4.815
[1A 5: loss: 4.794
[1A 6: loss: 4.774
[1A 7: loss: 4.756
[1A 8: loss: 4.738
[1A 9: loss: 4.722
[1A 10: loss: 4.706
Saving network ./skip116/model3.pth
== Batch 12
 1: loss: 7.802

[1A 2: loss: 7.682
[1A 3: loss: 7.659
[1A 4: loss: 7.637
[1A 5: loss: 7.617
[1A 6: loss: 7.598
[1A 7: loss: 7.580
[1A 8: loss: 7.564
[1A 9: loss: 7.549
[1A 10: loss: 7.534
Saving network ./skip116/model3.pth
== Batch 13
 1: loss: 5.976

[1A 2: loss: 5.888
[1A 3: loss: 5.842
[1A 4: loss: 5.805
[1A 5: loss: 5.774
[1A 6: loss: 5.747
[1A 7: loss: 5.723
[1A 8: loss: 5.703
[1A 9: loss: 5.684
[1A 10: loss: 5.668
Saving network ./skip116/model3.pth
== Batch 14
 1: loss: 5.935

[1A 2: loss: 5.844
[1A 3: loss: 5.816
[1A 4: loss: 5.811
[1A 5: loss: 5.807
[1A 6: loss: 5.802
[1A 7: loss: 5.798
[1A 8: loss: 5.795
[1A 9: loss: 5.791
[1A 10: loss: 5.787
Saving network ./skip116/model3.pth
== Batch 15
 1: loss: 3.475

[1A 2: loss: 3.283
[1A 3: loss: 3.259
[1A 4: loss: 3.243
[1A 5: loss: 3.230
[1A 6: loss: 3.220
[1A 7: loss: 3.211
[1A 8: loss: 3.203
[1A 9: loss: 3.195
[1A 10: loss: 3.188
Saving network ./skip116/model3.pth
== Batch 16
 1: loss: 5.153

[1A 2: loss: 5.111
[1A 3: loss: 5.097
[1A 4: loss: 5.086
[1A 5: loss: 5.078
[1A 6: loss: 5.071
[1A 7: loss: 5.065
[1A 8: loss: 5.060
[1A 9: loss: 5.056
[1A 10: loss: 5.052
Saving network ./skip116/model3.pth
== Batch 17
 1: loss: 4.458

[1A 2: loss: 4.419
[1A 3: loss: 4.384
[1A 4: loss: 4.353
[1A 5: loss: 4.326
[1A 6: loss: 4.301
[1A 7: loss: 4.280
[1A 8: loss: 4.260
[1A 9: loss: 4.242
[1A 10: loss: 4.226
Saving network ./skip116/model3.pth
== Batch 18
 1: loss: 2.974

[1A 2: loss: 2.827
[1A 3: loss: 2.785
[1A 4: loss: 2.758
[1A 5: loss: 2.741
[1A 6: loss: 2.729
[1A 7: loss: 2.721
[1A 8: loss: 2.715
[1A 9: loss: 2.711
[1A 10: loss: 2.708
Saving network ./skip116/model3.pth
== Batch 19
 1: loss: 3.171

[1A 2: loss: 3.114
[1A 3: loss: 3.098
[1A 4: loss: 3.085
[1A 5: loss: 3.073
[1A 6: loss: 3.063
[1A 7: loss: 3.053
[1A 8: loss: 3.044
[1A 9: loss: 3.035
[1A 10: loss: 3.026
Saving network ./skip116/model3.pth
== Batch 20
 1: loss: 4.995

[1A 2: loss: 4.969
[1A 3: loss: 4.954
[1A 4: loss: 4.941
[1A 5: loss: 4.931
[1A 6: loss: 4.922
[1A 7: loss: 4.915
[1A 8: loss: 4.909
[1A 9: loss: 4.905
[1A 10: loss: 4.901
Saving network ./skip116/model3.pth
== Batch 21
 1: loss: 6.005

[1A 2: loss: 5.996
[1A 3: loss: 5.988
[1A 4: loss: 5.980
[1A 5: loss: 5.973
[1A 6: loss: 5.966
[1A 7: loss: 5.959
[1A 8: loss: 5.953
[1A 9: loss: 5.947
[1A 10: loss: 5.941
Saving network ./skip116/model3.pth
== Batch 22
 1: loss: 6.082

[1A 2: loss: 5.743
[1A 3: loss: 5.685
[1A 4: loss: 5.636
[1A 5: loss: 5.597
[1A 6: loss: 5.568
[1A 7: loss: 5.548
[1A 8: loss: 5.533
[1A 9: loss: 5.523
[1A 10: loss: 5.517
Saving network ./skip116/model3.pth
== Batch 23
 1: loss: 3.819

[1A 2: loss: 3.761
[1A 3: loss: 3.733
[1A 4: loss: 3.715
[1A 5: loss: 3.703
[1A 6: loss: 3.695
[1A 7: loss: 3.689
[1A 8: loss: 3.684
[1A 9: loss: 3.680
[1A 10: loss: 3.677
Saving network ./skip116/model3.pth
== Batch 24
 1: loss: 3.465

[1A 2: loss: 3.460
[1A 3: loss: 3.454
[1A 4: loss: 3.449
[1A 5: loss: 3.445
[1A 6: loss: 3.440
[1A 7: loss: 3.436
[1A 8: loss: 3.432
[1A 9: loss: 3.428
[1A 10: loss: 3.424
Saving network ./skip116/model3.pth
== Batch 25
 1: loss: 3.287

[1A 2: loss: 2.971
[1A 3: loss: 2.903
[1A 4: loss: 2.858
[1A 5: loss: 2.824
[1A 6: loss: 2.797
[1A 7: loss: 2.775
[1A 8: loss: 2.757
[1A 9: loss: 2.743
[1A 10: loss: 2.731
Saving network ./skip116/model3.pth
== Batch 26
 1: loss: 3.666

[1A 2: loss: 3.616
[1A 3: loss: 3.584
[1A 4: loss: 3.559
[1A 5: loss: 3.540
[1A 6: loss: 3.525
[1A 7: loss: 3.512
[1A 8: loss: 3.502
[1A 9: loss: 3.494
[1A 10: loss: 3.486
Saving network ./skip116/model3.pth
== Batch 27
 1: loss: 4.498

[1A 2: loss: 4.067
[1A 3: loss: 3.937
[1A 4: loss: 3.881
[1A 5: loss: 3.847
[1A 6: loss: 3.819
[1A 7: loss: 3.794
[1A 8: loss: 3.770
[1A 9: loss: 3.746
[1A 10: loss: 3.724
Saving network ./skip116/model3.pth
== Batch 28
 1: loss: 4.357

[1A 2: loss: 4.170
[1A 3: loss: 4.077
[1A 4: loss: 4.001
[1A 5: loss: 3.937
[1A 6: loss: 3.883
[1A 7: loss: 3.839
[1A 8: loss: 3.804
[1A 9: loss: 3.775
[1A 10: loss: 3.752
Saving network ./skip116/model3.pth
== Batch 29
 1: loss: 7.533

[1A 2: loss: 7.458
[1A 3: loss: 7.398
[1A 4: loss: 7.349
[1A 5: loss: 7.306
[1A 6: loss: 7.269
[1A 7: loss: 7.236
[1A 8: loss: 7.206
[1A 9: loss: 7.178
[1A 10: loss: 7.153
Saving network ./skip116/model3.pth
Percentage correct: 0
130 neg chips, error range: 0.172459 to 1.000000
138 pos chips, error range: 0.188569 to 1.000000
rate 0.000735
SaveChips in girder: pos 138, neg 100 ==============
SaveChips: pos 138, neg 100 ==============
==== Epoch 6
== Batch 0
 1: loss: 3.488

[1A 2: loss: 3.362
[1A 3: loss: 3.333
[1A 4: loss: 3.313
[1A 5: loss: 3.294
[1A 6: loss: 3.278
[1A 7: loss: 3.263
[1A 8: loss: 3.248
[1A 9: loss: 3.235
[1A 10: loss: 3.222
Saving network ./skip116/model3.pth
== Batch 1
 1: loss: 5.206

[1A 2: loss: 5.158
[1A 3: loss: 5.155
[1A 4: loss: 5.154
[1A 5: loss: 5.154
[1A 6: loss: 5.153
[1A 7: loss: 5.152
[1A 8: loss: 5.152
[1A 9: loss: 5.152
[1A 10: loss: 5.151
Saving network ./skip116/model3.pth
== Batch 2
 1: loss: 3.254

[1A 2: loss: 3.202
[1A 3: loss: 3.197
[1A 4: loss: 3.194
[1A 5: loss: 3.192
[1A 6: loss: 3.190
[1A 7: loss: 3.189
[1A 8: loss: 3.187
[1A 9: loss: 3.186
[1A 10: loss: 3.185
Saving network ./skip116/model3.pth
== Batch 3
 1: loss: 8.606

[1A 2: loss: 8.469
[1A 3: loss: 8.447
[1A 4: loss: 8.428
[1A 5: loss: 8.409
[1A 6: loss: 8.390
[1A 7: loss: 8.373
[1A 8: loss: 8.356
[1A 9: loss: 8.339
[1A 10: loss: 8.324
Saving network ./skip116/model3.pth
== Batch 4
 1: loss: 6.226

[1A 2: loss: 5.937
[1A 3: loss: 5.926
[1A 4: loss: 5.920
[1A 5: loss: 5.916
[1A 6: loss: 5.913
[1A 7: loss: 5.910
[1A 8: loss: 5.909
[1A 9: loss: 5.907
[1A 10: loss: 5.906
Saving network ./skip116/model3.pth
== Batch 5
 1: loss: 6.133

[1A 2: loss: 6.110
[1A 3: loss: 6.096
[1A 4: loss: 6.087
[1A 5: loss: 6.081
[1A 6: loss: 6.077
[1A 7: loss: 6.074
[1A 8: loss: 6.072
[1A 9: loss: 6.071
[1A 10: loss: 6.070
Saving network ./skip116/model3.pth
== Batch 6
 1: loss: 5.520

[1A 2: loss: 5.320
[1A 3: loss: 5.013
[1A 4: loss: 4.972
[1A 5: loss: 4.949
[1A 6: loss: 4.931
[1A 7: loss: 4.917
[1A 8: loss: 4.906
[1A 9: loss: 4.896
[1A 10: loss: 4.887
Saving network ./skip116/model3.pth
== Batch 7
 1: loss: 7.395

[1A 2: loss: 7.355
[1A 3: loss: 7.322
[1A 4: loss: 7.292
[1A 5: loss: 7.266
[1A 6: loss: 7.243
[1A 7: loss: 7.224
[1A 8: loss: 7.207
[1A 9: loss: 7.194
[1A 10: loss: 7.182
Saving network ./skip116/model3.pth
== Batch 8
 1: loss: 4.048

[1A 2: loss: 4.035
[1A 3: loss: 4.033
[1A 4: loss: 4.031
[1A 5: loss: 4.030
[1A 6: loss: 4.029
[1A 7: loss: 4.028
[1A 8: loss: 4.027
[1A 9: loss: 4.026
[1A 10: loss: 4.025
Saving network ./skip116/model3.pth
== Batch 9
 1: loss: 5.712

[1A 2: loss: 5.672
[1A 3: loss: 5.648
[1A 4: loss: 5.633
[1A 5: loss: 5.623
[1A 6: loss: 5.617
[1A 7: loss: 5.612
[1A 8: loss: 5.609
[1A 9: loss: 5.607
[1A 10: loss: 5.605
Saving network ./skip116/model3.pth
== Batch 10
 1: loss: 3.077

[1A 2: loss: 2.966
[1A 3: loss: 2.959
[1A 4: loss: 2.957
[1A 5: loss: 2.955
[1A 6: loss: 2.954
[1A 7: loss: 2.953
[1A 8: loss: 2.952
[1A 9: loss: 2.951
[1A 10: loss: 2.950
Saving network ./skip116/model3.pth
== Batch 11
 1: loss: 3.518

[1A 2: loss: 3.274
[1A 3: loss: 3.258
[1A 4: loss: 3.243
[1A 5: loss: 3.230
[1A 6: loss: 3.217
[1A 7: loss: 3.204
[1A 8: loss: 3.193
[1A 9: loss: 3.182
[1A 10: loss: 3.172
Saving network ./skip116/model3.pth
== Batch 12
 1: loss: 7.488

[1A 2: loss: 6.477
[1A 3: loss: 6.219
[1A 4: loss: 5.908
[1A 5: loss: 5.762
[1A 6: loss: 5.645
[1A 7: loss: 5.571
[1A 8: loss: 5.517
[1A 9: loss: 5.477
[1A 10: loss: 5.447
Saving network ./skip116/model3.pth
== Batch 13
 1: loss: 4.916

[1A 2: loss: 4.741
[1A 3: loss: 4.709
[1A 4: loss: 4.695rm: cannot remove 'skip116/debug/*.png': No such file or directory

[1A 5: loss: 4.687
[1A 6: loss: 4.680
[1A 7: loss: 4.674
[1A 8: loss: 4.668
[1A 9: loss: 4.663
[1A 10: loss: 4.658
Saving network ./skip116/model3.pth
== Batch 14
 1: loss: 3.219

[1A 2: loss: 3.194
[1A 3: loss: 3.175
[1A 4: loss: 3.158
[1A 5: loss: 3.141
[1A 6: loss: 3.125
[1A 7: loss: 3.110
[1A 8: loss: 3.095
[1A 9: loss: 3.081
[1A 10: loss: 3.068
Saving network ./skip116/model3.pth
== Batch 15
 1: loss: 7.181

[1A 2: loss: 6.676
[1A 3: loss: 6.634
[1A 4: loss: 6.622
[1A 5: loss: 6.612
[1A 6: loss: 6.602
[1A 7: loss: 6.592
[1A 8: loss: 6.583
[1A 9: loss: 6.574
[1A 10: loss: 6.565
Saving network ./skip116/model3.pth
== Batch 16
 1: loss: 4.987

[1A 2: loss: 4.862
[1A 3: loss: 4.828
[1A 4: loss: 4.813
[1A 5: loss: 4.800
[1A 6: loss: 4.790
[1A 7: loss: 4.781
[1A 8: loss: 4.773
[1A 9: loss: 4.766
[1A 10: loss: 4.759
Saving network ./skip116/model3.pth
== Batch 17
 1: loss: 6.387

[1A 2: loss: 6.267
[1A 3: loss: 6.259
[1A 4: loss: 6.208
[1A 5: loss: 6.198
[1A 6: loss: 6.186
[1A 7: loss: 6.182
[1A 8: loss: 6.179
[1A 9: loss: 6.177
[1A 10: loss: 6.175
Saving network ./skip116/model3.pth
== Batch 18
 1: loss: 4.701

[1A 2: loss: 4.699
[1A 3: loss: 4.698
[1A 4: loss: 4.698
[1A 5: loss: 4.698
[1A 6: loss: 4.697
[1A 7: loss: 4.697
[1A 8: loss: 4.697
[1A 9: loss: 4.696
[1A 10: loss: 4.696
Saving network ./skip116/model3.pth
== Batch 19
 1: loss: 3.346

[1A 2: loss: 3.226
[1A 3: loss: 3.125
[1A 4: loss: 3.057
[1A 5: loss: 3.003
[1A 6: loss: 2.966
[1A 7: loss: 2.940
[1A 8: loss: 2.920
[1A 9: loss: 2.905
[1A 10: loss: 2.893
Saving network ./skip116/model3.pth
== Batch 20
 1: loss: 5.900

[1A 2: loss: 5.309
[1A 3: loss: 5.153
[1A 4: loss: 5.052
[1A 5: loss: 4.963
[1A 6: loss: 4.880
[1A 7: loss: 4.804
[1A 8: loss: 4.735
[1A 9: loss: 4.675
[1A 10: loss: 4.623
Saving network ./skip116/model3.pth
== Batch 21
 1: loss: 4.456

[1A 2: loss: 4.101
[1A 3: loss: 3.956
[1A 4: loss: 3.850
[1A 5: loss: 3.771
[1A 6: loss: 3.711
[1A 7: loss: 3.666
[1A 8: loss: 3.631
[1A 9: loss: 3.603
[1A 10: loss: 3.582
Saving network ./skip116/model3.pth
== Batch 22
 1: loss: 5.602

[1A 2: loss: 4.831
[1A 3: loss: 4.796
[1A 4: loss: 4.762
[1A 5: loss: 4.731
[1A 6: loss: 4.702
[1A 7: loss: 4.677
[1A 8: loss: 4.654
[1A 9: loss: 4.634
[1A 10: loss: 4.617
Saving network ./skip116/model3.pth
== Batch 23
 1: loss: 3.652

[1A 2: loss: 3.364
[1A 3: loss: 3.316
[1A 4: loss: 3.247
[1A 5: loss: 3.228
[1A 6: loss: 3.217
[1A 7: loss: 3.210
[1A 8: loss: 3.206
[1A 9: loss: 3.202
[1A 10: loss: 3.199
Saving network ./skip116/model3.pth
== Batch 24
 1: loss: 4.665

[1A 2: loss: 4.636
[1A 3: loss: 4.621
[1A 4: loss: 4.609
[1A 5: loss: 4.599
[1A 6: loss: 4.590
[1A 7: loss: 4.582
[1A 8: loss: 4.575
[1A 9: loss: 4.568
[1A 10: loss: 4.562
Saving network ./skip116/model3.pth
== Batch 25
 1: loss: 5.190

[1A 2: loss: 5.062
[1A 3: loss: 5.034
[1A 4: loss: 5.019
[1A 5: loss: 5.007
[1A 6: loss: 4.997
[1A 7: loss: 4.987
[1A 8: loss: 4.978
[1A 9: loss: 4.970
[1A 10: loss: 4.963
Saving network ./skip116/model3.pth
== Batch 26
 1: loss: 5.494

[1A 2: loss: 5.186
[1A 3: loss: 5.161
[1A 4: loss: 5.143
[1A 5: loss: 5.129
[1A 6: loss: 5.119
[1A 7: loss: 5.110
[1A 8: loss: 5.104
[1A 9: loss: 5.099
[1A 10: loss: 5.095
Saving network ./skip116/model3.pth
== Batch 27
 1: loss: 8.701

[1A 2: loss: 6.950
[1A 3: loss: 6.778
[1A 4: loss: 6.647
[1A 5: loss: 6.532
[1A 6: loss: 6.434
[1A 7: loss: 6.355
[1A 8: loss: 6.294
[1A 9: loss: 6.249
[1A 10: loss: 6.217
Saving network ./skip116/model3.pth
== Batch 28
 1: loss: 3.521

[1A 2: loss: 3.063
[1A 3: loss: 2.870
[1A 4: loss: 2.555
[1A 5: loss: 2.451
[1A 6: loss: 2.377
[1A 7: loss: 2.325
[1A 8: loss: 2.286
[1A 9: loss: 2.256
[1A 10: loss: 2.233
Saving network ./skip116/model3.pth
== Batch 29
 1: loss: 4.658

[1A 2: loss: 4.289
[1A 3: loss: 4.270
[1A 4: loss: 4.256
[1A 5: loss: 4.243
[1A 6: loss: 4.232
[1A 7: loss: 4.220
[1A 8: loss: 4.210
[1A 9: loss: 4.201
[1A 10: loss: 4.192
Saving network ./skip116/model3.pth
Percentage correct: 0
130 neg chips, error range: 0.190824 to 1.000000
151 pos chips, error range: 0.175864 to 1.000000
rate 0.000698
SaveChips in girder: pos 151, neg 100 ==============
SaveChips: pos 151, neg 100 ==============
==== Epoch 7
== Batch 0
 1: loss: 4.208

[1A 2: loss: 4.054
[1A 3: loss: 4.036
[1A 4: loss: 4.020
[1A 5: loss: 4.007
[1A 6: loss: 3.995
[1A 7: loss: 3.985
[1A 8: loss: 3.976
[1A 9: loss: 3.968
[1A 10: loss: 3.961
Saving network ./skip116/model3.pth
== Batch 1
 1: loss: 4.262

[1A 2: loss: 4.228
[1A 3: loss: 4.223
[1A 4: loss: 4.219
[1A 5: loss: 4.215
[1A 6: loss: 4.211
[1A 7: loss: 4.208
[1A 8: loss: 4.205
[1A 9: loss: 4.202
[1A 10: loss: 4.199
Saving network ./skip116/model3.pth
== Batch 2
 1: loss: 4.230

[1A 2: loss: 3.964
[1A 3: loss: 3.865
[1A 4: loss: 3.793
[1A 5: loss: 3.736
[1A 6: loss: 3.690
[1A 7: loss: 3.652
[1A 8: loss: 3.620
[1A 9: loss: 3.592
[1A 10: loss: 3.568
Saving network ./skip116/model3.pth
== Batch 3
 1: loss: 6.163

[1A 2: loss: 6.027
[1A 3: loss: 6.009
[1A 4: loss: 5.993
[1A 5: loss: 5.980
[1A 6: loss: 5.967
[1A 7: loss: 5.956
[1A 8: loss: 5.946
[1A 9: loss: 5.936
[1A 10: loss: 5.927
Saving network ./skip116/model3.pth
== Batch 4
 1: loss: 3.623

[1A 2: loss: 3.578
[1A 3: loss: 3.575
[1A 4: loss: 3.573
[1A 5: loss: 3.571
[1A 6: loss: 3.569
[1A 7: loss: 3.567
[1A 8: loss: 3.565
[1A 9: loss: 3.563
[1A 10: loss: 3.562
Saving network ./skip116/model3.pth
== Batch 5
 1: loss: 4.396

[1A 2: loss: 4.373
[1A 3: loss: 4.357
[1A 4: loss: 4.342
[1A 5: loss: 4.327
[1A 6: loss: 4.313
[1A 7: loss: 4.300
[1A 8: loss: 4.287
[1A 9: loss: 4.275
[1A 10: loss: 4.263
Saving network ./skip116/model3.pth
== Batch 6
 1: loss: 4.404

[1A 2: loss: 4.263
[1A 3: loss: 4.236
[1A 4: loss: 4.217
[1A 5: loss: 4.200
[1A 6: loss: 4.185
[1A 7: loss: 4.173
[1A 8: loss: 4.162
[1A 9: loss: 4.152
[1A 10: loss: 4.144
Saving network ./skip116/model3.pth
== Batch 7
 1: loss: 5.134

[1A 2: loss: 5.091
[1A 3: loss: 5.074
[1A 4: loss: 5.060
[1A 5: loss: 5.049
[1A 6: loss: 5.040
[1A 7: loss: 5.032
[1A 8: loss: 5.025
[1A 9: loss: 5.020
[1A 10: loss: 5.015
Saving network ./skip116/model3.pth
== Batch 8
 1: loss: 6.676

[1A 2: loss: 6.544
[1A 3: loss: 6.435
[1A 4: loss: 6.335
[1A 5: loss: 6.243
[1A 6: loss: 6.158
[1A 7: loss: 6.078
[1A 8: loss: 6.004
[1A 9: loss: 5.934
[1A 10: loss: 5.868
Saving network ./skip116/model3.pth
== Batch 9
 1: loss: 3.328

[1A 2: loss: 3.327
[1A 3: loss: 3.327
[1A 4: loss: 3.327
[1A 5: loss: 3.326
[1A 6: loss: 3.326
[1A 7: loss: 3.326
[1A 8: loss: 3.325
[1A 9: loss: 3.325
[1A 10: loss: 3.325
Saving network ./skip116/model3.pth
== Batch 10
 1: loss: 4.038

[1A 2: loss: 3.962
[1A 3: loss: 3.896
[1A 4: loss: 3.836
[1A 5: loss: 3.781
[1A 6: loss: 3.731
[1A 7: loss: 3.688
[1A 8: loss: 3.650
[1A 9: loss: 3.617
[1A 10: loss: 3.590
Saving network ./skip116/model3.pth
== Batch 11
 1: loss: 4.527

[1A 2: loss: 4.495
[1A 3: loss: 4.481
[1A 4: loss: 4.472
[1A 5: loss: 4.464
[1A 6: loss: 4.458
[1A 7: loss: 4.452
[1A 8: loss: 4.447
[1A 9: loss: 4.442
[1A 10: loss: 4.438
Saving network ./skip116/model3.pth
== Batch 12
 1: loss: 3.751

[1A 2: loss: 3.717
[1A 3: loss: 3.692
[1A 4: loss: 3.673
[1A 5: loss: 3.659
[1A 6: loss: 3.648
[1A 7: loss: 3.639
[1A 8: loss: 3.633
[1A 9: loss: 3.628
[1A 10: loss: 3.623
Saving network ./skip116/model3.pth
== Batch 13
 1: loss: 3.390

[1A 2: loss: 3.339
[1A 3: loss: 3.309
[1A 4: loss: 3.286
[1A 5: loss: 3.267
[1A 6: loss: 3.253
[1A 7: loss: 3.240
[1A 8: loss: 3.230
[1A 9: loss: 3.221
[1A 10: loss: 3.213
Saving network ./skip116/model3.pth
== Batch 14
 1: loss: 5.876

[1A 2: loss: 5.781
[1A 3: loss: 5.764
[1A 4: loss: 5.755
[1A 5: loss: 5.748
[1A 6: loss: 5.742
[1A 7: loss: 5.737
[1A 8: loss: 5.732
[1A 9: loss: 5.728
[1A 10: loss: 5.724
Saving network ./skip116/model3.pth
== Batch 15
 1: loss: 5.966

[1A 2: loss: 5.579
[1A 3: loss: 5.519
[1A 4: loss: 5.475
[1A 5: loss: 5.434
[1A 6: loss: 5.396
[1A 7: loss: 5.361
[1A 8: loss: 5.327
[1A 9: loss: 5.296rm: cannot remove 'skip116/debug/*.png': No such file or directory

[1A 10: loss: 5.266
Saving network ./skip116/model3.pth
== Batch 16
 1: loss: 2.497

[1A 2: loss: 2.472
[1A 3: loss: 2.452
[1A 4: loss: 2.434
[1A 5: loss: 2.417
[1A 6: loss: 2.402
[1A 7: loss: 2.388
[1A 8: loss: 2.374
[1A 9: loss: 2.362
[1A 10: loss: 2.350
Saving network ./skip116/model3.pth
== Batch 17
 1: loss: 4.516

[1A 2: loss: 4.125
[1A 3: loss: 4.110
[1A 4: loss: 4.095
[1A 5: loss: 4.081
[1A 6: loss: 4.068
[1A 7: loss: 4.055
[1A 8: loss: 4.042
[1A 9: loss: 4.030
[1A 10: loss: 4.019
Saving network ./skip116/model3.pth
== Batch 18
 1: loss: 4.789

[1A 2: loss: 4.435
[1A 3: loss: 4.404
[1A 4: loss: 4.381
[1A 5: loss: 4.360
[1A 6: loss: 4.342
[1A 7: loss: 4.325
[1A 8: loss: 4.311
[1A 9: loss: 4.298
[1A 10: loss: 4.286
Saving network ./skip116/model3.pth
== Batch 19
 1: loss: 3.375

[1A 2: loss: 3.123
[1A 3: loss: 3.110
[1A 4: loss: 3.098
[1A 5: loss: 3.087
[1A 6: loss: 3.076
[1A 7: loss: 3.065
[1A 8: loss: 3.055
[1A 9: loss: 3.045
[1A 10: loss: 3.035
Saving network ./skip116/model3.pth
== Batch 20
 1: loss: 4.919

[1A 2: loss: 4.748
[1A 3: loss: 4.656
[1A 4: loss: 4.578
[1A 5: loss: 4.512
[1A 6: loss: 4.457
[1A 7: loss: 4.411
[1A 8: loss: 4.373
[1A 9: loss: 4.340
[1A 10: loss: 4.313
Saving network ./skip116/model3.pth
== Batch 21
 1: loss: 6.150

[1A 2: loss: 6.013
[0;31m[1A 3: loss: 6.040
[0m
[1A 4: loss: 5.792
[1A 5: loss: 5.775
[1A 6: loss: 5.687
[1A 7: loss: 5.668
[1A 8: loss: 5.649
[1A 9: loss: 5.641
[1A 10: loss: 5.635
Saving network ./skip116/model3.pth
== Batch 22
 1: loss: 6.457

[1A 2: loss: 5.744
[1A 3: loss: 5.660
[1A 4: loss: 5.589
[1A 5: loss: 5.532
[1A 6: loss: 5.490
[1A 7: loss: 5.459
[1A 8: loss: 5.439
[1A 9: loss: 5.425
[1A 10: loss: 5.415
Saving network ./skip116/model3.pth
== Batch 23
 1: loss: 4.269

[1A 2: loss: 4.152
[1A 3: loss: 4.122
[1A 4: loss: 4.107
[1A 5: loss: 4.098
[1A 6: loss: 4.093
[1A 7: loss: 4.090
[1A 8: loss: 4.088
[1A 9: loss: 4.087
[1A 10: loss: 4.085
Saving network ./skip116/model3.pth
== Batch 24
 1: loss: 5.705

[1A 2: loss: 5.109
[1A 3: loss: 4.994
[1A 4: loss: 4.532
[1A 5: loss: 4.439
[1A 6: loss: 4.369
[1A 7: loss: 4.315
[1A 8: loss: 4.270
[1A 9: loss: 4.232
[1A 10: loss: 4.200
Saving network ./skip116/model3.pth
== Batch 25
 1: loss: 6.454

[1A 2: loss: 5.161
[1A 3: loss: 5.140
[1A 4: loss: 5.124
[1A 5: loss: 5.110
[1A 6: loss: 5.095
[1A 7: loss: 5.081
[1A 8: loss: 5.068
[1A 9: loss: 5.054
[1A 10: loss: 5.042
Saving network ./skip116/model3.pth
== Batch 26
 1: loss: 7.904

[1A 2: loss: 7.673
[1A 3: loss: 7.610
[1A 4: loss: 7.575
[1A 5: loss: 7.545
[1A 6: loss: 7.515
[1A 7: loss: 7.487
[1A 8: loss: 7.459
[1A 9: loss: 7.431
[1A 10: loss: 7.405
Saving network ./skip116/model3.pth
== Batch 27
 1: loss: 5.126

[1A 2: loss: 5.099
[1A 3: loss: 5.096
[1A 4: loss: 5.093
[1A 5: loss: 5.090
[1A 6: loss: 5.087
[1A 7: loss: 5.084
[1A 8: loss: 5.082
[1A 9: loss: 5.080
[1A 10: loss: 5.077
Saving network ./skip116/model3.pth
== Batch 28
 1: loss: 4.458

[1A 2: loss: 4.086
[1A 3: loss: 4.064
[1A 4: loss: 4.046
[1A 5: loss: 4.029
[1A 6: loss: 4.012
[1A 7: loss: 3.995
[1A 8: loss: 3.979
[1A 9: loss: 3.964
[1A 10: loss: 3.948
Saving network ./skip116/model3.pth
== Batch 29
 1: loss: 4.791

[1A 2: loss: 4.616
[0;31m[1A 3: loss: 4.731
[0m
[1A 4: loss: 4.283
[1A 5: loss: 4.282
[1A 6: loss: 4.115
[1A 7: loss: 4.089
[1A 8: loss: 4.064
[1A 9: loss: 4.053
[1A 10: loss: 4.047
Saving network ./skip116/model3.pth
Percentage correct: 0
130 neg chips, error range: 0.241260 to 1.000000
162 pos chips, error range: 0.185359 to 1.000000
rate 0.000663
SaveChips in girder: pos 162, neg 100 ==============
SaveChips: pos 162, neg 100 ==============
==== Epoch 8
== Batch 0
 1: loss: 5.885

[1A 2: loss: 5.448
[1A 3: loss: 5.382
[1A 4: loss: 5.341
[1A 5: loss: 5.307
[1A 6: loss: 5.278
[1A 7: loss: 5.253
[1A 8: loss: 5.234
[1A 9: loss: 5.220
[1A 10: loss: 5.208
Saving network ./skip116/model3.pth
== Batch 1
 1: loss: 4.173

[1A 2: loss: 4.048
[1A 3: loss: 4.043
[1A 4: loss: 4.038
[1A 5: loss: 4.034
[1A 6: loss: 4.029
[1A 7: loss: 4.025
[1A 8: loss: 4.021
[1A 9: loss: 4.017
[1A 10: loss: 4.013
Saving network ./skip116/model3.pth
== Batch 2
 1: loss: 3.817

[1A 2: loss: 3.144
[1A 3: loss: 3.127
[1A 4: loss: 3.120
[1A 5: loss: 3.117
[1A 6: loss: 3.115
[1A 7: loss: 3.113
[1A 8: loss: 3.111
[1A 9: loss: 3.109
[1A 10: loss: 3.107
Saving network ./skip116/model3.pth
== Batch 3
 1: loss: 5.940

[1A 2: loss: 4.506
[1A 3: loss: 4.474
[1A 4: loss: 4.465
[1A 5: loss: 4.460
[1A 6: loss: 4.456
[1A 7: loss: 4.454
[1A 8: loss: 4.452
[1A 9: loss: 4.450
[1A 10: loss: 4.449
Saving network ./skip116/model3.pth
== Batch 4
 1: loss: 2.105

[1A 2: loss: 2.058
[1A 3: loss: 2.021
[1A 4: loss: 1.990
[1A 5: loss: 1.965
[1A 6: loss: 1.945
[1A 7: loss: 1.928
[1A 8: loss: 1.913
[1A 9: loss: 1.901
[1A 10: loss: 1.891
Saving network ./skip116/model3.pth
== Batch 5
 1: loss: 4.568

[1A 2: loss: 3.951
[1A 3: loss: 3.854
[1A 4: loss: 3.819
[1A 5: loss: 3.798
[1A 6: loss: 3.781
[1A 7: loss: 3.765
[1A 8: loss: 3.750
[1A 9: loss: 3.735
[1A 10: loss: 3.721
Saving network ./skip116/model3.pth
== Batch 6
 1: loss: 2.857

[1A 2: loss: 2.742
[1A 3: loss: 2.711
[1A 4: loss: 2.691
[1A 5: loss: 2.673
[1A 6: loss: 2.656
[1A 7: loss: 2.640
[1A 8: loss: 2.625
[1A 9: loss: 2.611
[1A 10: loss: 2.599
Saving network ./skip116/model3.pth
== Batch 7
 1: loss: 4.481

[1A 2: loss: 4.168
[1A 3: loss: 4.105
[1A 4: loss: 4.071
[1A 5: loss: 4.043
[1A 6: loss: 4.019
[1A 7: loss: 3.999
[1A 8: loss: 3.982
[1A 9: loss: 3.967
[1A 10: loss: 3.954
Saving network ./skip116/model3.pth
== Batch 8
 1: loss: 4.268

[1A 2: loss: 4.169
[1A 3: loss: 4.165
[1A 4: loss: 4.160
[1A 5: loss: 4.156
[1A 6: loss: 4.152
[1A 7: loss: 4.149
[1A 8: loss: 4.145
[1A 9: loss: 4.142
[1A 10: loss: 4.139
Saving network ./skip116/model3.pth
== Batch 9
 1: loss: 5.472

[1A 2: loss: 4.961
[1A 3: loss: 4.802
[1A 4: loss: 4.734
[1A 5: loss: 4.700
[1A 6: loss: 4.681
[1A 7: loss: 4.668
[1A 8: loss: 4.657
[1A 9: loss: 4.647
[1A 10: loss: 4.638
Saving network ./skip116/model3.pth
== Batch 10
 1: loss: 7.430

[1A 2: loss: 6.384
[1A 3: loss: 6.293
[1A 4: loss: 6.285
[1A 5: loss: 6.279
[1A 6: loss: 6.275
[1A 7: loss: 6.271
[1A 8: loss: 6.267
[1A 9: loss: 6.265
[1A 10: loss: 6.262
Saving network ./skip116/model3.pth
== Batch 11
 1: loss: 2.125

[1A 2: loss: 1.932
[1A 3: loss: 1.871
[1A 4: loss: 1.825
[1A 5: loss: 1.788
[1A 6: loss: 1.759
[1A 7: loss: 1.735
[1A 8: loss: 1.716
[1A 9: loss: 1.700
[1A 10: loss: 1.686
Saving network ./skip116/model3.pth
== Batch 12
 1: loss: 4.294

[1A 2: loss: 3.748
[1A 3: loss: 3.675
[1A 4: loss: 3.649
[1A 5: loss: 3.634
[1A 6: loss: 3.622
[1A 7: loss: 3.610
[1A 8: loss: 3.599
[1A 9: loss: 3.588
[1A 10: loss: 3.578
Saving network ./skip116/model3.pth
== Batch 13
 1: loss: 6.476

[1A 2: loss: 6.170
[1A 3: loss: 6.128
[1A 4: loss: 6.122
[1A 5: loss: 6.118
[1A 6: loss: 6.116
[1A 7: loss: 6.114
[1A 8: loss: 6.112
[1A 9: loss: 6.110
[1A 10: loss: 6.109
Saving network ./skip116/model3.pth
== Batch 14
 1: loss: 3.242

[1A 2: loss: 3.123
[1A 3: loss: 3.099
[1A 4: loss: 3.081
[1A 5: loss: 3.066
[1A 6: loss: 3.053
[1A 7: loss: 3.042
[1A 8: loss: 3.033
[1A 9: loss: 3.025
[1A 10: loss: 3.017
Saving network ./skip116/model3.pth
== Batch 15
 1: loss: 5.675

[1A 2: loss: 4.423
[1A 3: loss: 4.221
[1A 4: loss: 4.187
[1A 5: loss: 4.173
[1A 6: loss: 4.162
[1A 7: loss: 4.152
[1A 8: loss: 4.142
[1A 9: loss: 4.133
[1A 10: loss: 4.123
Saving network ./skip116/model3.pth
== Batch 16
 1: loss: 3.681

[1A 2: loss: 3.083
[1A 3: loss: 2.967
[1A 4: loss: 2.918
[1A 5: loss: 2.880
[1A 6: loss: 2.850
[1A 7: loss: 2.826
[1A 8: loss: 2.806
[1A 9: loss: 2.790
[1A 10: loss: 2.776
Saving network ./skip116/model3.pth
== Batch 17
 1: loss: 4.045

[1A 2: loss: 3.699
[1A 3: loss: 3.651
[1A 4: loss: 3.641
[1A 5: loss: 3.635
[1A 6: loss: 3.630
[1A 7: loss: 3.625
[1A 8: loss: 3.620
[1A 9: loss: 3.615
[1A 10: loss: 3.611
Saving network ./skip116/model3.pth
== Batch 18rm: cannot remove 'skip116/debug/*.png': No such file or directory

 1: loss: 4.152

[1A 2: loss: 4.085
[1A 3: loss: 4.055
[1A 4: loss: 4.030
[1A 5: loss: 4.006
[1A 6: loss: 3.984
[1A 7: loss: 3.963
[1A 8: loss: 3.944
[1A 9: loss: 3.926
[1A 10: loss: 3.909
Saving network ./skip116/model3.pth
== Batch 19
 1: loss: 5.361

[1A 2: loss: 5.257
[1A 3: loss: 5.223
[1A 4: loss: 5.194
[1A 5: loss: 5.165
[1A 6: loss: 5.138
[1A 7: loss: 5.112
[1A 8: loss: 5.088
[1A 9: loss: 5.065
[1A 10: loss: 5.044
Saving network ./skip116/model3.pth
== Batch 20
 1: loss: 5.296

[1A 2: loss: 5.247
[1A 3: loss: 5.230
[1A 4: loss: 5.217
[1A 5: loss: 5.206
[1A 6: loss: 5.197
[1A 7: loss: 5.189
[1A 8: loss: 5.182
[1A 9: loss: 5.176
[1A 10: loss: 5.170
Saving network ./skip116/model3.pth
== Batch 21
 1: loss: 7.048

[1A 2: loss: 6.482
[1A 3: loss: 6.387
[1A 4: loss: 6.293
[1A 5: loss: 6.265
[1A 6: loss: 6.248
[1A 7: loss: 6.236
[1A 8: loss: 6.226
[1A 9: loss: 6.217
[1A 10: loss: 6.210
Saving network ./skip116/model3.pth
== Batch 22
 1: loss: 6.049

[1A 2: loss: 3.648
[1A 3: loss: 3.472
[1A 4: loss: 3.416
[1A 5: loss: 3.379
[1A 6: loss: 3.346
[1A 7: loss: 3.315
[1A 8: loss: 3.284
[1A 9: loss: 3.254
[1A 10: loss: 3.226
Saving network ./skip116/model3.pth
== Batch 23
 1: loss: 5.408

[1A 2: loss: 4.245
[1A 3: loss: 4.084
[1A 4: loss: 3.980
[1A 5: loss: 3.906
[1A 6: loss: 3.851
[1A 7: loss: 3.807
[1A 8: loss: 3.772
[1A 9: loss: 3.743
[1A 10: loss: 3.719
Saving network ./skip116/model3.pth
== Batch 24
 1: loss: 7.174

[1A 2: loss: 6.514
[0;31m[1A 3: loss: 6.877
[0m
[1A 4: loss: 5.921
[1A 5: loss: 5.841
[1A 6: loss: 5.772
[1A 7: loss: 5.717
[1A 8: loss: 5.671
[1A 9: loss: 5.633
[1A 10: loss: 5.601
Saving network ./skip116/model3.pth
== Batch 25
 1: loss: 8.207

[1A 2: loss: 5.798
[1A 3: loss: 4.914
[1A 4: loss: 4.717
[1A 5: loss: 4.668
[1A 6: loss: 4.637
[1A 7: loss: 4.608
[1A 8: loss: 4.581
[1A 9: loss: 4.554
[1A 10: loss: 4.529
Saving network ./skip116/model3.pth
== Batch 26
 1: loss: 4.653

[1A 2: loss: 4.196
[1A 3: loss: 4.075
[1A 4: loss: 4.038
[1A 5: loss: 4.022
[1A 6: loss: 4.011
[1A 7: loss: 4.001
[1A 8: loss: 3.992
[1A 9: loss: 3.985
[1A 10: loss: 3.978
Saving network ./skip116/model3.pth
== Batch 27
 1: loss: 6.229

[1A 2: loss: 6.056
[1A 3: loss: 6.024
[1A 4: loss: 5.996
[1A 5: loss: 5.971
[1A 6: loss: 5.948
[1A 7: loss: 5.926
[1A 8: loss: 5.907
[1A 9: loss: 5.889
[1A 10: loss: 5.873
Saving network ./skip116/model3.pth
== Batch 28
 1: loss: 4.808

[1A 2: loss: 4.417
[1A 3: loss: 4.405
[1A 4: loss: 4.395
[1A 5: loss: 4.385
[1A 6: loss: 4.377
[1A 7: loss: 4.370
[1A 8: loss: 4.363
[1A 9: loss: 4.357
[1A 10: loss: 4.351
Saving network ./skip116/model3.pth
== Batch 29
 1: loss: 2.413

[1A 2: loss: 2.259
[1A 3: loss: 2.242
[1A 4: loss: 2.231
[1A 5: loss: 2.223
[1A 6: loss: 2.216
[1A 7: loss: 2.210
[1A 8: loss: 2.205
[1A 9: loss: 2.201
[1A 10: loss: 2.197
Saving network ./skip116/model3.pth
Percentage correct: 0
130 neg chips, error range: 0.262567 to 1.000000
172 pos chips, error range: 0.219753 to 1.000000
rate 0.000630
SaveChips in girder: pos 172, neg 100 ==============
SaveChips: pos 172, neg 100 ==============
==== Epoch 9
== Batch 0
 1: loss: 4.366

[1A 2: loss: 4.212
[1A 3: loss: 4.187
[1A 4: loss: 4.182
[1A 5: loss: 4.179
[1A 6: loss: 4.177
[1A 7: loss: 4.175
[1A 8: loss: 4.174
[1A 9: loss: 4.173
[1A 10: loss: 4.172
Saving network ./skip116/model3.pth
== Batch 1
 1: loss: 6.008

[1A 2: loss: 4.209
[1A 3: loss: 3.849
[1A 4: loss: 3.769
[1A 5: loss: 3.747
[1A 6: loss: 3.732
[1A 7: loss: 3.719
[1A 8: loss: 3.706
[1A 9: loss: 3.694
[1A 10: loss: 3.683
Saving network ./skip116/model3.pth
== Batch 2
 1: loss: 6.749

[1A 2: loss: 4.997
[1A 3: loss: 4.672
[1A 4: loss: 4.615
[1A 5: loss: 4.571
[1A 6: loss: 4.536
[1A 7: loss: 4.508
[1A 8: loss: 4.484
[1A 9: loss: 4.464
[1A 10: loss: 4.447
Saving network ./skip116/model3.pth
== Batch 3
 1: loss: 4.110

[1A 2: loss: 4.092
[1A 3: loss: 4.088
[1A 4: loss: 4.084
[1A 5: loss: 4.081
[1A 6: loss: 4.078
[1A 7: loss: 4.075
[1A 8: loss: 4.072
[1A 9: loss: 4.070
[1A 10: loss: 4.068
Saving network ./skip116/model3.pth
== Batch 4
 1: loss: 3.283

[1A 2: loss: 3.195
[1A 3: loss: 3.190
[1A 4: loss: 3.187
[1A 5: loss: 3.183
[1A 6: loss: 3.180
[1A 7: loss: 3.178
[1A 8: loss: 3.175
[1A 9: loss: 3.173
[1A 10: loss: 3.171
Saving network ./skip116/model3.pth
== Batch 5
 1: loss: 2.584

[1A 2: loss: 2.572
[1A 3: loss: 2.568
[1A 4: loss: 2.566
[1A 5: loss: 2.565
[1A 6: loss: 2.564
[1A 7: loss: 2.563
[1A 8: loss: 2.562
[1A 9: loss: 2.561
[1A 10: loss: 2.560
Saving network ./skip116/model3.pth
== Batch 6
 1: loss: 1.933

[1A 2: loss: 1.815
[1A 3: loss: 1.774
[1A 4: loss: 1.758
[1A 5: loss: 1.748
[1A 6: loss: 1.741
[1A 7: loss: 1.734
[1A 8: loss: 1.729
[1A 9: loss: 1.724
[1A 10: loss: 1.720
Saving network ./skip116/model3.pth
== Batch 7
 1: loss: 4.776

[1A 2: loss: 4.578
[1A 3: loss: 4.485
[1A 4: loss: 4.431
[1A 5: loss: 4.394
[1A 6: loss: 4.365
[1A 7: loss: 4.341
[1A 8: loss: 4.319
[1A 9: loss: 4.299
[1A 10: loss: 4.282
Saving network ./skip116/model3.pth
== Batch 8
 1: loss: 3.395

[1A 2: loss: 3.349
[1A 3: loss: 3.336
[1A 4: loss: 3.332
[1A 5: loss: 3.330
[1A 6: loss: 3.329
[1A 7: loss: 3.328
[1A 8: loss: 3.327
[1A 9: loss: 3.326
[1A 10: loss: 3.325
Saving network ./skip116/model3.pth
== Batch 9
 1: loss: 4.294

[1A 2: loss: 4.276
[1A 3: loss: 4.271
[1A 4: loss: 4.268
[1A 5: loss: 4.265
[1A 6: loss: 4.263
[1A 7: loss: 4.261
[1A 8: loss: 4.259
[1A 9: loss: 4.257
[1A 10: loss: 4.256
Saving network ./skip116/model3.pth
== Batch 10
 1: loss: 3.864

[1A 2: loss: 3.509
[1A 3: loss: 3.478
[1A 4: loss: 3.471
[1A 5: loss: 3.469
[1A 6: loss: 3.466
[1A 7: loss: 3.464
[1A 8: loss: 3.462
[1A 9: loss: 3.461
[1A 10: loss: 3.459
Saving network ./skip116/model3.pth
== Batch 11
 1: loss: 5.092

[1A 2: loss: 3.732
[1A 3: loss: 3.634
[1A 4: loss: 3.629
[1A 5: loss: 3.626
[1A 6: loss: 3.623
[1A 7: loss: 3.621
[1A 8: loss: 3.619
[1A 9: loss: 3.618
[1A 10: loss: 3.616
Saving network ./skip116/model3.pth
== Batch 12
 1: loss: 5.736

[1A 2: loss: 4.975
[1A 3: loss: 4.965
[1A 4: loss: 4.959
[1A 5: loss: 4.953
[1A 6: loss: 4.948
[1A 7: loss: 4.942
[1A 8: loss: 4.938
[1A 9: loss: 4.933
[1A 10: loss: 4.929
Saving network ./skip116/model3.pth
== Batch 13
 1: loss: 3.542

[1A 2: loss: 3.301
[1A 3: loss: 3.262
[1A 4: loss: 3.235
[1A 5: loss: 3.214
[1A 6: loss: 3.199
[1A 7: loss: 3.186
[1A 8: loss: 3.175
[1A 9: loss: 3.166
[1A 10: loss: 3.158
Saving network ./skip116/model3.pth
== Batch 14
 1: loss: 6.092

[1A 2: loss: 5.931
[1A 3: loss: 5.867
[1A 4: loss: 5.814
[1A 5: loss: 5.769
[1A 6: loss: 5.730
[1A 7: loss: 5.698
[1A 8: loss: 5.673
[1A 9: loss: 5.652
[1A 10: loss: 5.636
Saving network ./skip116/model3.pth
== Batch 15
 1: loss: 5.047

[1A 2: loss: 4.744
[0;31m[1A 3: loss: 4.849
[0m
[1A 4: loss: 4.177
[1A 5: loss: 4.106
[1A 6: loss: 4.050
[1A 7: loss: 4.013
[1A 8: loss: 3.986
[1A 9: loss: 3.965
[1A 10: loss: 3.950
Saving network ./skip116/model3.pth
== Batch 16
 1: loss: 4.699

[1A 2: loss: 4.083
[1A 3: loss: 3.963
[1A 4: loss: 3.926
[1A 5: loss: 3.910
[1A 6: loss: 3.899
[1A 7: loss: 3.890
[1A 8: loss: 3.881
[1A 9: loss: 3.873
[1A 10: loss: 3.865
Saving network ./skip116/model3.pth
== Batch 17
 1: loss: 5.170

[1A 2: loss: 4.202
[1A 3: loss: 4.068
[1A 4: loss: 4.043
[1A 5: loss: 4.033
[1A 6: loss: 4.027
[1A 7: loss: 4.021
[1A 8: loss: 4.015
[1A 9: loss: 4.009
[1A 10: loss: 4.003
Saving network ./skip116/model3.pth
== Batch 18
 1: loss: 6.145

[1A 2: loss: 5.323
[1A 3: loss: 5.104
[1A 4: loss: 5.067
[1A 5: loss: 5.066
[1A 6: loss: 5.065
[1A 7: loss: 5.063
[1A 8: loss: 5.062
[1A 9: loss: 5.062
[1A 10: loss: 5.061
Saving network ./skip116/model3.pth
== Batch 19
 1: loss: 2.231

[1A 2: loss: 2.078
[1A 3: loss: 1.994
[1A 4: loss: 1.926
[1A 5: loss: 1.868
[1A 6: loss: 1.820
[1A 7: loss: 1.779
[1A 8: loss: 1.743
[1A 9: loss: 1.713
[1A 10: loss: 1.686
Saving network ./skip116/model3.pth
== Batch 20
 1: loss: 6.302

[1A 2: loss: 5.869
[1A 3: loss: 5.841
[1A 4: loss: 5.820rm: cannot remove 'skip116/debug/*.png': No such file or directory

[1A 5: loss: 5.803
[1A 6: loss: 5.787
[1A 7: loss: 5.773
[1A 8: loss: 5.760
[1A 9: loss: 5.748
[1A 10: loss: 5.738
Saving network ./skip116/model3.pth
== Batch 21
 1: loss: 4.572

[1A 2: loss: 4.354
[1A 3: loss: 4.333
[1A 4: loss: 4.320
[1A 5: loss: 4.312
[1A 6: loss: 4.306
[1A 7: loss: 4.301
[1A 8: loss: 4.297
[1A 9: loss: 4.293
[1A 10: loss: 4.290
Saving network ./skip116/model3.pth
== Batch 22
 1: loss: 3.336

[1A 2: loss: 3.329
[1A 3: loss: 3.325
[1A 4: loss: 3.322
[1A 5: loss: 3.319
[1A 6: loss: 3.317
[1A 7: loss: 3.315
[1A 8: loss: 3.314
[1A 9: loss: 3.313
[1A 10: loss: 3.311
Saving network ./skip116/model3.pth
== Batch 23
 1: loss: 8.218

[1A 2: loss: 6.966
[1A 3: loss: 6.670
[1A 4: loss: 6.583
[1A 5: loss: 6.529
[1A 6: loss: 6.483
[1A 7: loss: 6.440
[1A 8: loss: 6.400
[1A 9: loss: 6.363
[1A 10: loss: 6.330
Saving network ./skip116/model3.pth
== Batch 24
 1: loss: 6.431

[1A 2: loss: 6.340
[1A 3: loss: 6.275
[1A 4: loss: 6.219
[1A 5: loss: 6.170
[1A 6: loss: 6.129
[1A 7: loss: 6.097
[1A 8: loss: 6.072
[1A 9: loss: 6.055
[1A 10: loss: 6.042
Saving network ./skip116/model3.pth
== Batch 25
 1: loss: 3.759

[1A 2: loss: 3.421
[1A 3: loss: 2.774
[1A 4: loss: 2.595
[1A 5: loss: 2.503
[1A 6: loss: 2.438
[1A 7: loss: 2.391
[1A 8: loss: 2.357
[1A 9: loss: 2.331
[1A 10: loss: 2.313
Saving network ./skip116/model3.pth
== Batch 26
 1: loss: 4.773

[1A 2: loss: 4.665
[1A 3: loss: 4.638
[1A 4: loss: 4.630
[1A 5: loss: 4.625
[1A 6: loss: 4.621
[1A 7: loss: 4.617
[1A 8: loss: 4.613
[1A 9: loss: 4.609
[1A 10: loss: 4.606
Saving network ./skip116/model3.pth
== Batch 27
 1: loss: 5.697

[1A 2: loss: 5.218
[1A 3: loss: 5.195
[1A 4: loss: 5.190
[1A 5: loss: 5.188
[1A 6: loss: 5.185
[1A 7: loss: 5.183
[1A 8: loss: 5.182
[1A 9: loss: 5.180
[1A 10: loss: 5.178
Saving network ./skip116/model3.pth
== Batch 28
 1: loss: 3.848

[1A 2: loss: 3.814
[1A 3: loss: 3.807
[1A 4: loss: 3.806
[1A 5: loss: 3.805
[1A 6: loss: 3.804
[1A 7: loss: 3.803
[1A 8: loss: 3.802
[1A 9: loss: 3.802
[1A 10: loss: 3.801
Saving network ./skip116/model3.pth
== Batch 29
 1: loss: 3.255

[1A 2: loss: 3.052
[1A 3: loss: 3.029
[1A 4: loss: 3.025
[1A 5: loss: 3.024
[1A 6: loss: 3.023
[1A 7: loss: 3.023
[1A 8: loss: 3.023
[1A 9: loss: 3.023
[1A 10: loss: 3.023
Saving network ./skip116/model3.pth
Percentage correct: 0
130 neg chips, error range: 0.225776 to 1.000000
181 pos chips, error range: 0.200943 to 1.000000
rate 0.000599
SaveChips in girder: pos 181, neg 100 ==============
SaveChips: pos 181, neg 100 ==============
==== Epoch 10
== Batch 0
 1: loss: 4.776

[1A 2: loss: 4.159
[1A 3: loss: 3.934
[1A 4: loss: 3.859
[1A 5: loss: 3.811
[1A 6: loss: 3.771
[1A 7: loss: 3.738
[1A 8: loss: 3.710
[1A 9: loss: 3.686
[1A 10: loss: 3.665
Saving network ./skip116/model3.pth
== Batch 1
 1: loss: 5.792

[1A 2: loss: 5.264
[1A 3: loss: 5.135
[1A 4: loss: 5.101
[1A 5: loss: 5.087
[1A 6: loss: 5.076
[1A 7: loss: 5.066
[1A 8: loss: 5.056
[1A 9: loss: 5.047
[1A 10: loss: 5.038
Saving network ./skip116/model3.pth
== Batch 2
 1: loss: 4.160

[1A 2: loss: 4.001
[1A 3: loss: 3.986
[1A 4: loss: 3.976
[1A 5: loss: 3.966
[1A 6: loss: 3.958
[1A 7: loss: 3.950
[1A 8: loss: 3.942
[1A 9: loss: 3.936
[1A 10: loss: 3.930
Saving network ./skip116/model3.pth
== Batch 3
 1: loss: 3.036

[1A 2: loss: 2.989
[1A 3: loss: 2.970
[1A 4: loss: 2.956
[1A 5: loss: 2.946
[1A 6: loss: 2.938
[1A 7: loss: 2.932
[1A 8: loss: 2.928
[1A 9: loss: 2.924
[1A 10: loss: 2.921
Saving network ./skip116/model3.pth
== Batch 4
 1: loss: 2.847

[1A 2: loss: 2.808
[1A 3: loss: 2.785
[1A 4: loss: 2.767
[1A 5: loss: 2.752
[1A 6: loss: 2.740
[1A 7: loss: 2.730
[1A 8: loss: 2.721
[1A 9: loss: 2.715
[1A 10: loss: 2.709
Saving network ./skip116/model3.pth
== Batch 5
 1: loss: 5.358

[1A 2: loss: 4.815
[1A 3: loss: 4.786
[1A 4: loss: 4.771
[1A 5: loss: 4.757
[1A 6: loss: 4.744
[1A 7: loss: 4.733
[1A 8: loss: 4.722
[1A 9: loss: 4.713
[1A 10: loss: 4.705
Saving network ./skip116/model3.pth
== Batch 6
 1: loss: 4.344

[1A 2: loss: 4.339
[1A 3: loss: 4.336
[1A 4: loss: 4.333
[1A 5: loss: 4.330
[1A 6: loss: 4.328
[1A 7: loss: 4.326
[1A 8: loss: 4.323
[1A 9: loss: 4.321
[1A 10: loss: 4.319
Saving network ./skip116/model3.pth
== Batch 7
 1: loss: 5.570

[1A 2: loss: 5.186
[1A 3: loss: 5.129
[1A 4: loss: 5.106
[1A 5: loss: 5.088
[1A 6: loss: 5.071
[1A 7: loss: 5.055
[1A 8: loss: 5.039
[1A 9: loss: 5.025
[1A 10: loss: 5.011
Saving network ./skip116/model3.pth
== Batch 8
 1: loss: 6.148

[1A 2: loss: 5.441
[1A 3: loss: 5.335
[1A 4: loss: 5.306
[1A 5: loss: 5.288
[1A 6: loss: 5.274
[1A 7: loss: 5.262
[1A 8: loss: 5.253
[1A 9: loss: 5.245
[1A 10: loss: 5.240
Saving network ./skip116/model3.pth
== Batch 9
 1: loss: 2.480

[1A 2: loss: 2.377
[1A 3: loss: 2.312
[1A 4: loss: 2.270
[1A 5: loss: 2.241
[1A 6: loss: 2.220
[1A 7: loss: 2.206
[1A 8: loss: 2.195
[1A 9: loss: 2.187
[1A 10: loss: 2.181
Saving network ./skip116/model3.pth
== Batch 10
 1: loss: 3.659

[1A 2: loss: 3.308
[1A 3: loss: 3.172
[1A 4: loss: 3.112
[1A 5: loss: 3.084
[1A 6: loss: 3.070
[1A 7: loss: 3.061
[1A 8: loss: 3.055
[1A 9: loss: 3.049
[1A 10: loss: 3.045
Saving network ./skip116/model3.pth
== Batch 11
 1: loss: 4.056

[1A 2: loss: 3.989
[1A 3: loss: 3.973
[1A 4: loss: 3.961
[1A 5: loss: 3.950
[1A 6: loss: 3.940
[1A 7: loss: 3.931
[1A 8: loss: 3.923
[1A 9: loss: 3.915
[1A 10: loss: 3.908
Saving network ./skip116/model3.pth
== Batch 12
 1: loss: 6.506

[1A 2: loss: 6.299
[1A 3: loss: 6.293
[1A 4: loss: 6.290
[1A 5: loss: 6.289
[1A 6: loss: 6.288
[1A 7: loss: 6.287
[1A 8: loss: 6.286
[1A 9: loss: 6.285
[1A 10: loss: 6.284
Saving network ./skip116/model3.pth
== Batch 13
 1: loss: 7.029

[1A 2: loss: 6.353
[1A 3: loss: 6.269
[1A 4: loss: 6.233
[1A 5: loss: 6.208
[1A 6: loss: 6.187
[1A 7: loss: 6.167
[1A 8: loss: 6.149
[1A 9: loss: 6.133
[1A 10: loss: 6.117
Saving network ./skip116/model3.pth
== Batch 14
 1: loss: 4.332

[1A 2: loss: 3.357
[1A 3: loss: 3.180
[1A 4: loss: 3.061
[1A 5: loss: 2.980
[1A 6: loss: 2.924
[1A 7: loss: 2.884
[1A 8: loss: 2.855
[1A 9: loss: 2.833
[1A 10: loss: 2.817
Saving network ./skip116/model3.pth
== Batch 15
 1: loss: 1.873

[1A 2: loss: 1.790
[1A 3: loss: 1.748
[1A 4: loss: 1.714
[1A 5: loss: 1.687
[1A 6: loss: 1.665
[1A 7: loss: 1.647
[1A 8: loss: 1.632
[1A 9: loss: 1.619
[1A 10: loss: 1.608
Saving network ./skip116/model3.pth
== Batch 16
 1: loss: 6.066

[1A 2: loss: 5.608
[1A 3: loss: 5.407
[1A 4: loss: 5.284
[1A 5: loss: 5.191
[1A 6: loss: 5.109
[1A 7: loss: 5.034
[1A 8: loss: 4.964
[1A 9: loss: 4.900
[1A 10: loss: 4.841
Saving network ./skip116/model3.pth
== Batch 17
 1: loss: 4.542

[1A 2: loss: 4.310
[1A 3: loss: 4.291
[1A 4: loss: 4.279
[1A 5: loss: 4.271
[1A 6: loss: 4.266
[1A 7: loss: 4.262
[1A 8: loss: 4.260
[1A 9: loss: 4.258
[1A 10: loss: 4.256
Saving network ./skip116/model3.pth
== Batch 18
 1: loss: 4.062

[1A 2: loss: 3.647
[1A 3: loss: 3.515
[1A 4: loss: 3.406
[1A 5: loss: 3.348
[1A 6: loss: 3.309
[1A 7: loss: 3.283
[1A 8: loss: 3.263
[1A 9: loss: 3.249
[1A 10: loss: 3.237
Saving network ./skip116/model3.pth
== Batch 19
 1: loss: 3.526

[1A 2: loss: 3.488
[1A 3: loss: 3.479
[1A 4: loss: 3.474
[1A 5: loss: 3.471
[1A 6: loss: 3.468
[1A 7: loss: 3.465
[1A 8: loss: 3.462
[1A 9: loss: 3.460
[1A 10: loss: 3.458
Saving network ./skip116/model3.pth
== Batch 20
 1: loss: 9.830

[1A 2: loss: 6.040
[1A 3: loss: 5.933
[1A 4: loss: 5.870
[1A 5: loss: 5.812
[1A 6: loss: 5.759
[1A 7: loss: 5.708
[1A 8: loss: 5.662
[1A 9: loss: 5.619
[1A 10: loss: 5.579
Saving network ./skip116/model3.pth
== Batch 21
 1: loss: 2.817

[1A 2: loss: 2.419
[1A 3: loss: 2.325
[1A 4: loss: 2.307
[1A 5: loss: 2.294
[1A 6: loss: 2.284
[1A 7: loss: 2.275
[1A 8: loss: 2.268
[1A 9: loss: 2.262
[1A 10: loss: 2.257
Saving network ./skip116/model3.pth
== Batch 22
 1: loss: 3.316

[1A 2: loss: 3.309
[1A 3: loss: 3.308
[1A 4: loss: 3.307
[1A 5: loss: 3.306
[1A 6: loss: 3.306
[1A 7: loss: 3.305
[1A 8: loss: 3.305
[1A 9: loss: 3.304rm: cannot remove 'skip116/debug/*.png': No such file or directory

[1A 10: loss: 3.304
Saving network ./skip116/model3.pth
== Batch 23
 1: loss: 4.107

[1A 2: loss: 3.886
[1A 3: loss: 3.843
[1A 4: loss: 3.831
[1A 5: loss: 3.826
[1A 6: loss: 3.822
[1A 7: loss: 3.818
[1A 8: loss: 3.814
[1A 9: loss: 3.811
[1A 10: loss: 3.807
Saving network ./skip116/model3.pth
== Batch 24
 1: loss: 4.143

[1A 2: loss: 4.076
[1A 3: loss: 4.071
[1A 4: loss: 4.070
[1A 5: loss: 4.069
[1A 6: loss: 4.068
[1A 7: loss: 4.066
[1A 8: loss: 4.065
[1A 9: loss: 4.065
[1A 10: loss: 4.064
Saving network ./skip116/model3.pth
== Batch 25
 1: loss: 4.942

[1A 2: loss: 4.915
[1A 3: loss: 4.892
[1A 4: loss: 4.873
[1A 5: loss: 4.858
[1A 6: loss: 4.847
[1A 7: loss: 4.839
[1A 8: loss: 4.832
[1A 9: loss: 4.828
[1A 10: loss: 4.825
Saving network ./skip116/model3.pth
== Batch 26
 1: loss: 3.638

[1A 2: loss: 3.559
[1A 3: loss: 3.530
[1A 4: loss: 3.513
[1A 5: loss: 3.501
[1A 6: loss: 3.493
[1A 7: loss: 3.488
[1A 8: loss: 3.484
[1A 9: loss: 3.482
[1A 10: loss: 3.480
Saving network ./skip116/model3.pth
== Batch 27
 1: loss: 3.338

[1A 2: loss: 3.129
[1A 3: loss: 2.978
[1A 4: loss: 2.867
[1A 5: loss: 2.785
[1A 6: loss: 2.723
[1A 7: loss: 2.677
[1A 8: loss: 2.642
[1A 9: loss: 2.614
[1A 10: loss: 2.593
Saving network ./skip116/model3.pth
== Batch 28
 1: loss: 8.194

[1A 2: loss: 5.033
[1A 3: loss: 4.268
[1A 4: loss: 4.144
[1A 5: loss: 4.072
[1A 6: loss: 4.007
[1A 7: loss: 3.945
[1A 8: loss: 3.887
[1A 9: loss: 3.832
[1A 10: loss: 3.782
Saving network ./skip116/model3.pth
== Batch 29
 1: loss: 5.556

[1A 2: loss: 4.048
[1A 3: loss: 3.658
[1A 4: loss: 3.467
[1A 5: loss: 3.338
[1A 6: loss: 3.247
[1A 7: loss: 3.181
[1A 8: loss: 3.132
[1A 9: loss: 3.094
[1A 10: loss: 3.065
Saving network ./skip116/model3.pth
Percentage correct: 0
130 neg chips, error range: 0.262857 to 1.000000
189 pos chips, error range: 0.220059 to 1.000000
rate 0.000569
SaveChips in girder: pos 189, neg 100 ==============
SaveChips: pos 189, neg 100 ==============
==== Epoch 11
== Batch 0
 1: loss: 4.006

[1A 2: loss: 3.630
[1A 3: loss: 3.529
[1A 4: loss: 3.478
[1A 5: loss: 3.438
[1A 6: loss: 3.403
[1A 7: loss: 3.371
[1A 8: loss: 3.342
[1A 9: loss: 3.316
[1A 10: loss: 3.294
Saving network ./skip116/model3.pth
== Batch 1
 1: loss: 6.622

[1A 2: loss: 6.563
[1A 3: loss: 6.544
[1A 4: loss: 6.532
[1A 5: loss: 6.521
[1A 6: loss: 6.510
[1A 7: loss: 6.500
[1A 8: loss: 6.490
[1A 9: loss: 6.480
[1A 10: loss: 6.470
Saving network ./skip116/model3.pth
== Batch 2
 1: loss: 4.393

[1A 2: loss: 4.142
[1A 3: loss: 4.119
[1A 4: loss: 4.111
[1A 5: loss: 4.107
[1A 6: loss: 4.104
[1A 7: loss: 4.100
[1A 8: loss: 4.097
[1A 9: loss: 4.093
[1A 10: loss: 4.090
Saving network ./skip116/model3.pth
== Batch 3
 1: loss: 8.319

[1A 2: loss: 8.149
[1A 3: loss: 8.115
[1A 4: loss: 8.090
[1A 5: loss: 8.071
[1A 6: loss: 8.058
[1A 7: loss: 8.049
[1A 8: loss: 8.042
[1A 9: loss: 8.037
[1A 10: loss: 8.034
Saving network ./skip116/model3.pth
== Batch 4
 1: loss: 6.015

[1A 2: loss: 5.919
[1A 3: loss: 5.914
[1A 4: loss: 5.911
[1A 5: loss: 5.908
[1A 6: loss: 5.906
[1A 7: loss: 5.904
[1A 8: loss: 5.902
[1A 9: loss: 5.900
[1A 10: loss: 5.899
Saving network ./skip116/model3.pth
== Batch 5
 1: loss: 3.781

[1A 2: loss: 3.668
[1A 3: loss: 3.657
[1A 4: loss: 3.651
[1A 5: loss: 3.646
[1A 6: loss: 3.643
[1A 7: loss: 3.641
[1A 8: loss: 3.639
[1A 9: loss: 3.637
[1A 10: loss: 3.636
Saving network ./skip116/model3.pth
== Batch 6
 1: loss: 3.690

[1A 2: loss: 3.683
[1A 3: loss: 3.681
[1A 4: loss: 3.679
[1A 5: loss: 3.678
[1A 6: loss: 3.677
[1A 7: loss: 3.676
[1A 8: loss: 3.676
[1A 9: loss: 3.675
[1A 10: loss: 3.674
Saving network ./skip116/model3.pth
== Batch 7
 1: loss: 4.776

[1A 2: loss: 4.628
[1A 3: loss: 4.551
[1A 4: loss: 4.505
[1A 5: loss: 4.476
[1A 6: loss: 4.458
[1A 7: loss: 4.444
[1A 8: loss: 4.435
[1A 9: loss: 4.427
[1A 10: loss: 4.422
Saving network ./skip116/model3.pth
== Batch 8
 1: loss: 4.388

[1A 2: loss: 4.030
[1A 3: loss: 4.005
[1A 4: loss: 3.985
[1A 5: loss: 3.967
[1A 6: loss: 3.952
[1A 7: loss: 3.940
[1A 8: loss: 3.929
[1A 9: loss: 3.920
[1A 10: loss: 3.912
Saving network ./skip116/model3.pth
== Batch 9
 1: loss: 7.976

[1A 2: loss: 7.810
[1A 3: loss: 7.783
[1A 4: loss: 7.763
[1A 5: loss: 7.746
[1A 6: loss: 7.731
[1A 7: loss: 7.717
[1A 8: loss: 7.705
[1A 9: loss: 7.694
[1A 10: loss: 7.685
Saving network ./skip116/model3.pth
== Batch 10
 1: loss: 3.454

[1A 2: loss: 3.369
[1A 3: loss: 3.312
[1A 4: loss: 3.272
[1A 5: loss: 3.243
[1A 6: loss: 3.222
[1A 7: loss: 3.206
[1A 8: loss: 3.193
[1A 9: loss: 3.183
[1A 10: loss: 3.175
Saving network ./skip116/model3.pth
== Batch 11
 1: loss: 9.022

[1A 2: loss: 8.364
[1A 3: loss: 8.195
[1A 4: loss: 8.087
[1A 5: loss: 7.993
[1A 6: loss: 7.909
[1A 7: loss: 7.839
[1A 8: loss: 7.782
[1A 9: loss: 7.739
[1A 10: loss: 7.708
Saving network ./skip116/model3.pth
== Batch 12
 1: loss: 3.242

[1A 2: loss: 3.082
[1A 3: loss: 3.066
[1A 4: loss: 3.054
[1A 5: loss: 3.043
[1A 6: loss: 3.034
[1A 7: loss: 3.025
[1A 8: loss: 3.017
[1A 9: loss: 3.010
[1A 10: loss: 3.004
Saving network ./skip116/model3.pth
== Batch 13
 1: loss: 5.394

[1A 2: loss: 4.922
[1A 3: loss: 4.897
[1A 4: loss: 4.887
[1A 5: loss: 4.877
[1A 6: loss: 4.868
[1A 7: loss: 4.860
[1A 8: loss: 4.851
[1A 9: loss: 4.843
[1A 10: loss: 4.836
Saving network ./skip116/model3.pth
== Batch 14
 1: loss: 3.318

[1A 2: loss: 3.222
[1A 3: loss: 3.158
[1A 4: loss: 3.113
[1A 5: loss: 3.081
[1A 6: loss: 3.056
[1A 7: loss: 3.037
[1A 8: loss: 3.021
[1A 9: loss: 3.009
[1A 10: loss: 2.998
Saving network ./skip116/model3.pth
== Batch 15
 1: loss: 3.007

[1A 2: loss: 3.002
[1A 3: loss: 2.998
[1A 4: loss: 2.995
[1A 5: loss: 2.992
[1A 6: loss: 2.990
[1A 7: loss: 2.988
[1A 8: loss: 2.986
[1A 9: loss: 2.984
[1A 10: loss: 2.982
Saving network ./skip116/model3.pth
== Batch 16
 1: loss: 5.512

[1A 2: loss: 5.421
[1A 3: loss: 5.393
[1A 4: loss: 5.368
[1A 5: loss: 5.344
[1A 6: loss: 5.321
[1A 7: loss: 5.300
[1A 8: loss: 5.279
[1A 9: loss: 5.258
[1A 10: loss: 5.239
Saving network ./skip116/model3.pth
== Batch 17
 1: loss: 4.436

[1A 2: loss: 4.362
[1A 3: loss: 4.358
[1A 4: loss: 4.355
[1A 5: loss: 4.352
[1A 6: loss: 4.350
[1A 7: loss: 4.349
[1A 8: loss: 4.347
[1A 9: loss: 4.346
[1A 10: loss: 4.345
Saving network ./skip116/model3.pth
== Batch 18
 1: loss: 6.473

[1A 2: loss: 5.808
[1A 3: loss: 5.635
[1A 4: loss: 5.514
[1A 5: loss: 5.404
[1A 6: loss: 5.301
[1A 7: loss: 5.205
[1A 8: loss: 5.119
[1A 9: loss: 5.043
[1A 10: loss: 4.979
Saving network ./skip116/model3.pth
== Batch 19
 1: loss: 2.852

[1A 2: loss: 2.825
[1A 3: loss: 2.821
[1A 4: loss: 2.819
[1A 5: loss: 2.817
[1A 6: loss: 2.815
[1A 7: loss: 2.813
[1A 8: loss: 2.811
[1A 9: loss: 2.810
[1A 10: loss: 2.808
Saving network ./skip116/model3.pth
== Batch 20
 1: loss: 6.298

[1A 2: loss: 6.168
[1A 3: loss: 6.117
[1A 4: loss: 6.088
[1A 5: loss: 6.066
[1A 6: loss: 6.048
[1A 7: loss: 6.033
[1A 8: loss: 6.020
[1A 9: loss: 6.008
[1A 10: loss: 5.997
Saving network ./skip116/model3.pth
== Batch 21
 1: loss: 3.691

[1A 2: loss: 3.273
[1A 3: loss: 3.070
[1A 4: loss: 2.914
[1A 5: loss: 2.838
[1A 6: loss: 2.788
[1A 7: loss: 2.753
[1A 8: loss: 2.728
[1A 9: loss: 2.709
[1A 10: loss: 2.695
Saving network ./skip116/model3.pth
== Batch 22
 1: loss: 6.044

[1A 2: loss: 6.006
[1A 3: loss: 5.981
[1A 4: loss: 5.964
[1A 5: loss: 5.951
[1A 6: loss: 5.941
[1A 7: loss: 5.933
[1A 8: loss: 5.926
[1A 9: loss: 5.920
[1A 10: loss: 5.915
Saving network ./skip116/model3.pth
== Batch 23
 1: loss: 3.957

[1A 2: loss: 3.897
[1A 3: loss: 3.877
[1A 4: loss: 3.868
[1A 5: loss: 3.862
[1A 6: loss: 3.858
[1A 7: loss: 3.854
[1A 8: loss: 3.850
[1A 9: loss: 3.847
[1A 10: loss: 3.844
Saving network ./skip116/model3.pth
== Batch 24
 1: loss: 2.947

[1A 2: loss: 2.940
[1A 3: loss: 2.936
[1A 4: loss: 2.933
[1A 5: loss: 2.930
[1A 6: loss: 2.928
[1A 7: loss: 2.925
[1A 8: loss: 2.922
[1A 9: loss: 2.919
[1A 10: loss: 2.917
Saving network ./skip116/model3.pth
== Batch 25
 1: loss: 3.264

rm: cannot remove 'skip116/debug/*.png': No such file or directory
